#
# There is insufficient memory for the Java Runtime Environment to continue.
# Native memory allocation (malloc) failed to allocate 1100096 bytes for Chunk::new
# Possible reasons:
#   The system is out of physical RAM or swap space
#   The process is running with CompressedOops enabled, and the Java Heap may be blocking the growth of the native heap
# Possible solutions:
#   Reduce memory load on the system
#   Increase physical memory or swap space
#   Check if swap backing store is full
#   Decrease Java heap size (-Xmx/-Xms)
#   Decrease number of Java threads
#   Decrease Java thread stack sizes (-Xss)
#   Set larger code cache with -XX:ReservedCodeCacheSize=
#   JVM is running with Unscaled Compressed Oops mode in which the Java heap is
#     placed in the first 4GB address space. The Java Heap base address is the
#     maximum limit for the native heap growth. Please use -XX:HeapBaseMinAddress
#     to set the Java Heap base and to place the Java Heap above 4GB virtual address.
# This output file may be truncated or incomplete.
#
#  Out of Memory Error (allocation.cpp:389), pid=8764, tid=0x0000000000000828
#
# JRE version: Java(TM) SE Runtime Environment (8.0_301-b09) (build 1.8.0_301-b09)
# Java VM: Java HotSpot(TM) 64-Bit Server VM (25.301-b09 mixed mode windows-amd64 compressed oops)
# Failed to write core dump. Minidumps are not enabled by default on client versions of Windows
#

---------------  T H R E A D  ---------------

Current thread (0x0000026042e3e000):  JavaThread "C2 CompilerThread0" daemon [_thread_in_native, id=2088, stack(0x000000a9ea100000,0x000000a9ea200000)]

Stack: [0x000000a9ea100000,0x000000a9ea200000]
Native frames: (J=compiled Java code, j=interpreted, Vv=VM code, C=native code)
V  [jvm.dll+0x32ed79]
V  [jvm.dll+0x275722]
V  [jvm.dll+0x2763cd]
V  [jvm.dll+0x26ce05]
V  [jvm.dll+0xd551c]
V  [jvm.dll+0xd5d1c]
V  [jvm.dll+0x452c72]
V  [jvm.dll+0x48dcdd]
V  [jvm.dll+0x442c71]
V  [jvm.dll+0x43fee4]
V  [jvm.dll+0x42ae57]
V  [jvm.dll+0xac1bb]
V  [jvm.dll+0xaa81b]
V  [jvm.dll+0x23ddc2]
V  [jvm.dll+0x2923dc]
C  [ucrtbase.dll+0x2268a]
C  [KERNEL32.DLL+0x17974]
C  [ntdll.dll+0x5a2f1]


Current CompileTask:
C2:  56295 15638       4       com.kisman.cc.module.render.ShaderCharms::onRenderWorld (911 bytes)


---------------  P R O C E S S  ---------------

Java Threads: ( => current thread )
  0x0000026048cbe800 JavaThread "Timer-2" daemon [_thread_in_native, id=7324, stack(0x000000a9ec900000,0x000000a9eca00000)]
  0x0000026048cc1800 JavaThread "pool-2-thread-1" [_thread_blocked, id=11860, stack(0x000000a9ec800000,0x000000a9ec900000)]
  0x00000260436b5800 JavaThread "Chunk Batcher 3" daemon [_thread_blocked, id=11112, stack(0x000000a9ec700000,0x000000a9ec800000)]
  0x00000260436b7800 JavaThread "Chunk Batcher 2" daemon [_thread_blocked, id=11732, stack(0x000000a9ec600000,0x000000a9ec700000)]
  0x00000260480de000 JavaThread "Chunk Batcher 1" daemon [_thread_blocked, id=12212, stack(0x000000a9ec500000,0x000000a9ec600000)]
  0x00000260480dd000 JavaThread "Chunk I/O Executor Thread-1" daemon [_thread_blocked, id=9860, stack(0x000000a9ec400000,0x000000a9ec500000)]
  0x00000260480df800 JavaThread "Chunk Batcher 0" daemon [_thread_blocked, id=9264, stack(0x000000a9ec300000,0x000000a9ec400000)]
  0x00000260480d7000 JavaThread "Keep-Alive-Timer" daemon [_thread_blocked, id=13036, stack(0x000000a9eb100000,0x000000a9eb200000)]
  0x00000260480de800 JavaThread "Netty Server IO #1" daemon [_thread_in_native, id=6168, stack(0x000000a9ec100000,0x000000a9ec200000)]
  0x00000260480d5800 JavaThread "Netty Local Client IO #0" daemon [_thread_blocked, id=9868, stack(0x000000a9ec000000,0x000000a9ec100000)]
  0x00000260480db800 JavaThread "Netty Server IO #0" daemon [_thread_in_native, id=12232, stack(0x000000a9ebf00000,0x000000a9ec000000)]
  0x00000260480d9800 JavaThread "File IO Thread" [_thread_blocked, id=7512, stack(0x000000a9ebe00000,0x000000a9ebf00000)]
  0x00000260480d8000 JavaThread "Server thread" [_thread_blocked, id=8912, stack(0x000000a9ebd00000,0x000000a9ebe00000)]
  0x00000260480da000 JavaThread "Snooper Timer" daemon [_thread_blocked, id=2860, stack(0x000000a9ebb00000,0x000000a9ebc00000)]
  0x00000260480d4800 JavaThread "Narrator" daemon [_thread_blocked, id=1620, stack(0x000000a9eaf00000,0x000000a9eb000000)]
  0x00000260480d1000 JavaThread "AWT-Windows" daemon [_thread_in_native, id=3340, stack(0x000000a9eb800000,0x000000a9eb900000)]
  0x00000260436b6000 JavaThread "Thread-6" [_thread_blocked, id=12784, stack(0x000000a9eb400000,0x000000a9eb500000)]
  0x00000260436b4000 JavaThread "Thread-5" [_thread_blocked, id=6280, stack(0x000000a9eb300000,0x000000a9eb400000)]
  0x00000260479b8800 JavaThread "LWJGL Timer" daemon [_thread_blocked, id=12052, stack(0x000000a9eb000000,0x000000a9eb100000)]
  0x0000026044704800 JavaThread "Java2D Disposer" daemon [_thread_blocked, id=9792, stack(0x000000a9ea800000,0x000000a9ea900000)]
  0x0000026043d4f000 JavaThread "Timer hack thread" daemon [_thread_blocked, id=2548, stack(0x000000a9ea700000,0x000000a9ea800000)]
  0x0000026045fdf000 JavaThread "Snooper Timer" daemon [_thread_blocked, id=4128, stack(0x000000a9ea600000,0x000000a9ea700000)]
  0x0000026042fb0000 JavaThread "Service Thread" daemon [_thread_blocked, id=8660, stack(0x000000a9ea400000,0x000000a9ea500000)]
  0x0000026042ee0000 JavaThread "C1 CompilerThread2" daemon [_thread_blocked, id=5504, stack(0x000000a9ea300000,0x000000a9ea400000)]
  0x0000026042edb800 JavaThread "C2 CompilerThread1" daemon [_thread_in_native, id=1368, stack(0x000000a9ea200000,0x000000a9ea300000)]
=>0x0000026042e3e000 JavaThread "C2 CompilerThread0" daemon [_thread_in_native, id=2088, stack(0x000000a9ea100000,0x000000a9ea200000)]
  0x0000026042dd2000 JavaThread "Monitor Ctrl-Break" daemon [_thread_in_native, id=9276, stack(0x000000a9ea000000,0x000000a9ea100000)]
  0x0000026041970800 JavaThread "Attach Listener" daemon [_thread_blocked, id=13252, stack(0x000000a9e9f00000,0x000000a9ea000000)]
  0x0000026041970000 JavaThread "Signal Dispatcher" daemon [_thread_blocked, id=8984, stack(0x000000a9e9e00000,0x000000a9e9f00000)]
  0x0000026041947000 JavaThread "Finalizer" daemon [_thread_blocked, id=5100, stack(0x000000a9e9d00000,0x000000a9e9e00000)]
  0x000002604193f000 JavaThread "Reference Handler" daemon [_thread_blocked, id=2360, stack(0x000000a9e9c00000,0x000000a9e9d00000)]
  0x000002602b9b9800 JavaThread "Client thread" [_thread_in_Java, id=11496, stack(0x000000a9e9600000,0x000000a9e9700000)]

Other Threads:
  0x0000026041913000 VMThread [stack: 0x000000a9e9b00000,0x000000a9e9c00000] [id=1872]
  0x0000026042f5d000 WatcherThread [stack: 0x000000a9ea500000,0x000000a9ea600000] [id=12548]

VM state:not at safepoint (normal execution)

VM Mutex/Monitor currently owned by a thread: None

heap address: 0x0000000083000000, size: 2000 MB, Compressed Oops mode: 32-bit
Narrow klass base: 0x0000000000000000, Narrow klass shift: 3
Compressed class space size: 1073741824 Address: 0x0000000100000000

Heap:
 PSYoungGen      total 586752K, used 493005K [0x00000000d6580000, 0x00000000ff880000, 0x0000000100000000)
  eden space 505856K, 90% used [0x00000000d6580000,0x00000000f231d870,0x00000000f5380000)
  from space 80896K, 45% used [0x00000000fa980000,0x00000000fcd55d68,0x00000000ff880000)
  to   space 84480K, 0% used [0x00000000f5380000,0x00000000f5380000,0x00000000fa600000)
 ParOldGen       total 321024K, used 263162K [0x0000000083000000, 0x0000000096980000, 0x00000000d6580000)
  object space 321024K, 81% used [0x0000000083000000,0x00000000930fea30,0x0000000096980000)
 Metaspace       used 67722K, capacity 69087K, committed 69292K, reserved 1110016K
  class space    used 8518K, capacity 8804K, committed 8876K, reserved 1048576K

Card table byte_map: [0x000002603c630000,0x000002603ca20000] byte_map_base: 0x000002603c218000

Marking Bits: (ParMarkBitMap*) 0x0000000062e27fe0
 Begin Bits: [0x000002603ccc0000, 0x000002603ec00000)
 End Bits:   [0x000002603ec00000, 0x0000026040b40000)

Polling page: 0x000002602bc10000

CodeCache: size=245760Kb used=41346Kb max_used=41511Kb free=204413Kb
 bounds [0x000002602d270000, 0x000002602fb70000, 0x000002603c270000]
 total_blobs=12104 nmethods=11072 adapters=939
 compilation: enabled

Compilation events (10 events):
Event: 56.021 Thread 0x0000026042ee0000 nmethod 15644 0x000002602eef3910 code [0x000002602eef3a80, 0x000002602eef3c30]
Event: 56.050 Thread 0x0000026042ee0000 15645       3       net.minecraft.client.renderer.BufferBuilder::getVertexState (80 bytes)
Event: 56.051 Thread 0x0000026042ee0000 nmethod 15645 0x000002602ee1d510 code [0x000002602ee1d700, 0x000002602ee1e1b0]
Event: 56.052 Thread 0x0000026042edb800 15646       4       net.minecraft.client.renderer.texture.TextureManager::getTexture (14 bytes)
Event: 56.057 Thread 0x0000026042edb800 nmethod 15646 0x000002602f12fcd0 code [0x000002602f12fe60, 0x000002602f1301b8]
Event: 56.067 Thread 0x0000026042edb800 15647 %     4       net.minecraft.server.management.PlayerChunkMap::tick @ 242 (455 bytes)
Event: 56.083 Thread 0x0000026042ee0000 15648       1       net.minecraft.block.BlockSand$EnumType::getMetadata (5 bytes)
Event: 56.084 Thread 0x0000026042ee0000 nmethod 15648 0x000002602dcc1350 code [0x000002602dcc14a0, 0x000002602dcc15b8]
Event: 56.273 Thread 0x0000026042ee0000 15651       3       java.security.AccessControlContext::calculateFields (89 bytes)
Event: 56.274 Thread 0x0000026042ee0000 nmethod 15651 0x000002602f708450 code [0x000002602f7085e0, 0x000002602f7089a0]

GC Heap History (10 events):
Event: 38.651 GC heap before
{Heap before GC invocations=33 (full 6):
 PSYoungGen      total 534528K, used 468480K [0x00000000d6580000, 0x00000000fb000000, 0x0000000100000000)
  eden space 468480K, 100% used [0x00000000d6580000,0x00000000f2f00000,0x00000000f2f00000)
  from space 66048K, 0% used [0x00000000f6f80000,0x00000000f6f80000,0x00000000fb000000)
  to   space 66048K, 0% used [0x00000000f2f00000,0x00000000f2f00000,0x00000000f6f80000)
 ParOldGen       total 321024K, used 194376K [0x0000000083000000, 0x0000000096980000, 0x00000000d6580000)
  object space 321024K, 60% used [0x0000000083000000,0x000000008edd2210,0x0000000096980000)
 Metaspace       used 62842K, capacity 64153K, committed 64300K, reserved 1105920K
  class space    used 8117K, capacity 8419K, committed 8492K, reserved 1048576K
Event: 38.679 GC heap after
Heap after GC invocations=33 (full 6):
 PSYoungGen      total 534528K, used 57562K [0x00000000d6580000, 0x00000000ff100000, 0x0000000100000000)
  eden space 468480K, 0% used [0x00000000d6580000,0x00000000d6580000,0x00000000f2f00000)
  from space 66048K, 87% used [0x00000000f2f00000,0x00000000f67369a8,0x00000000f6f80000)
  to   space 74752K, 0% used [0x00000000fa800000,0x00000000fa800000,0x00000000ff100000)
 ParOldGen       total 321024K, used 194384K [0x0000000083000000, 0x0000000096980000, 0x00000000d6580000)
  object space 321024K, 60% used [0x0000000083000000,0x000000008edd4210,0x0000000096980000)
 Metaspace       used 62842K, capacity 64153K, committed 64300K, reserved 1105920K
  class space    used 8117K, capacity 8419K, committed 8492K, reserved 1048576K
}
Event: 40.413 GC heap before
{Heap before GC invocations=34 (full 6):
 PSYoungGen      total 534528K, used 256397K [0x00000000d6580000, 0x00000000ff100000, 0x0000000100000000)
  eden space 468480K, 42% used [0x00000000d6580000,0x00000000e27aca70,0x00000000f2f00000)
  from space 66048K, 87% used [0x00000000f2f00000,0x00000000f67369a8,0x00000000f6f80000)
  to   space 74752K, 0% used [0x00000000fa800000,0x00000000fa800000,0x00000000ff100000)
 ParOldGen       total 321024K, used 194384K [0x0000000083000000, 0x0000000096980000, 0x00000000d6580000)
  object space 321024K, 60% used [0x0000000083000000,0x000000008edd4210,0x0000000096980000)
 Metaspace       used 65227K, capacity 66595K, committed 66860K, reserved 1107968K
  class space    used 8411K, capacity 8716K, committed 8748K, reserved 1048576K
Event: 40.463 GC heap after
Heap after GC invocations=34 (full 6):
 PSYoungGen      total 579072K, used 74669K [0x00000000d6580000, 0x0000000100000000, 0x0000000100000000)
  eden space 504320K, 0% used [0x00000000d6580000,0x00000000d6580000,0x00000000f5200000)
  from space 74752K, 99% used [0x00000000fa800000,0x00000000ff0eb7d8,0x00000000ff100000)
  to   space 88064K, 0% used [0x00000000f5200000,0x00000000f5200000,0x00000000fa800000)
 ParOldGen       total 321024K, used 194392K [0x0000000083000000, 0x0000000096980000, 0x00000000d6580000)
  object space 321024K, 60% used [0x0000000083000000,0x000000008edd6210,0x0000000096980000)
 Metaspace       used 65227K, capacity 66595K, committed 66860K, reserved 1107968K
  class space    used 8411K, capacity 8716K, committed 8748K, reserved 1048576K
}
Event: 40.463 GC heap before
{Heap before GC invocations=35 (full 7):
 PSYoungGen      total 579072K, used 74669K [0x00000000d6580000, 0x0000000100000000, 0x0000000100000000)
  eden space 504320K, 0% used [0x00000000d6580000,0x00000000d6580000,0x00000000f5200000)
  from space 74752K, 99% used [0x00000000fa800000,0x00000000ff0eb7d8,0x00000000ff100000)
  to   space 88064K, 0% used [0x00000000f5200000,0x00000000f5200000,0x00000000fa800000)
 ParOldGen       total 321024K, used 194392K [0x0000000083000000, 0x0000000096980000, 0x00000000d6580000)
  object space 321024K, 60% used [0x0000000083000000,0x000000008edd6210,0x0000000096980000)
 Metaspace       used 65227K, capacity 66595K, committed 66860K, reserved 1107968K
  class space    used 8411K, capacity 8716K, committed 8748K, reserved 1048576K
Event: 40.852 GC heap after
Heap after GC invocations=35 (full 7):
 PSYoungGen      total 579072K, used 0K [0x00000000d6580000, 0x0000000100000000, 0x0000000100000000)
  eden space 504320K, 0% used [0x00000000d6580000,0x00000000d6580000,0x00000000f5200000)
  from space 74752K, 0% used [0x00000000fa800000,0x00000000fa800000,0x00000000ff100000)
  to   space 88064K, 0% used [0x00000000f5200000,0x00000000f5200000,0x00000000fa800000)
 ParOldGen       total 321024K, used 263146K [0x0000000083000000, 0x0000000096980000, 0x00000000d6580000)
  object space 321024K, 81% used [0x0000000083000000,0x00000000930faa30,0x0000000096980000)
 Metaspace       used 65227K, capacity 66595K, committed 66860K, reserved 1107968K
  class space    used 8411K, capacity 8716K, committed 8748K, reserved 1048576K
}
Event: 43.096 GC heap before
{Heap before GC invocations=36 (full 7):
 PSYoungGen      total 579072K, used 504320K [0x00000000d6580000, 0x0000000100000000, 0x0000000100000000)
  eden space 504320K, 100% used [0x00000000d6580000,0x00000000f5200000,0x00000000f5200000)
  from space 74752K, 0% used [0x00000000fa800000,0x00000000fa800000,0x00000000ff100000)
  to   space 88064K, 0% used [0x00000000f5200000,0x00000000f5200000,0x00000000fa800000)
 ParOldGen       total 321024K, used 263146K [0x0000000083000000, 0x0000000096980000, 0x00000000d6580000)
  object space 321024K, 81% used [0x0000000083000000,0x00000000930faa30,0x0000000096980000)
 Metaspace       used 66592K, capacity 67963K, committed 68268K, reserved 1107968K
  class space    used 8501K, capacity 8798K, committed 8876K, reserved 1048576K
Event: 43.115 GC heap after
Heap after GC invocations=36 (full 7):
 PSYoungGen      total 592384K, used 46333K [0x00000000d6580000, 0x0000000100000000, 0x0000000100000000)
  eden space 504320K, 0% used [0x00000000d6580000,0x00000000d6580000,0x00000000f5200000)
  from space 88064K, 52% used [0x00000000f5200000,0x00000000f7f3f5c8,0x00000000fa800000)
  to   space 88576K, 0% used [0x00000000fa980000,0x00000000fa980000,0x0000000100000000)
 ParOldGen       total 321024K, used 263154K [0x0000000083000000, 0x0000000096980000, 0x00000000d6580000)
  object space 321024K, 81% used [0x0000000083000000,0x00000000930fca30,0x0000000096980000)
 Metaspace       used 66592K, capacity 67963K, committed 68268K, reserved 1107968K
  class space    used 8501K, capacity 8798K, committed 8876K, reserved 1048576K
}
Event: 49.870 GC heap before
{Heap before GC invocations=37 (full 7):
 PSYoungGen      total 592384K, used 550653K [0x00000000d6580000, 0x0000000100000000, 0x0000000100000000)
  eden space 504320K, 100% used [0x00000000d6580000,0x00000000f5200000,0x00000000f5200000)
  from space 88064K, 52% used [0x00000000f5200000,0x00000000f7f3f5c8,0x00000000fa800000)
  to   space 88576K, 0% used [0x00000000fa980000,0x00000000fa980000,0x0000000100000000)
 ParOldGen       total 321024K, used 263154K [0x0000000083000000, 0x0000000096980000, 0x00000000d6580000)
  object space 321024K, 81% used [0x0000000083000000,0x00000000930fca30,0x0000000096980000)
 Metaspace       used 67414K, capacity 68831K, committed 69036K, reserved 1110016K
  class space    used 8515K, capacity 8804K, committed 8876K, reserved 1048576K
Event: 49.885 GC heap after
Heap after GC invocations=37 (full 7):
 PSYoungGen      total 586752K, used 36695K [0x00000000d6580000, 0x00000000ff880000, 0x0000000100000000)
  eden space 505856K, 0% used [0x00000000d6580000,0x00000000d6580000,0x00000000f5380000)
  from space 80896K, 45% used [0x00000000fa980000,0x00000000fcd55d68,0x00000000ff880000)
  to   space 84480K, 0% used [0x00000000f5380000,0x00000000f5380000,0x00000000fa600000)
 ParOldGen       total 321024K, used 263162K [0x0000000083000000, 0x0000000096980000, 0x00000000d6580000)
  object space 321024K, 81% used [0x0000000083000000,0x00000000930fea30,0x0000000096980000)
 Metaspace       used 67414K, capacity 68831K, committed 69036K, reserved 1110016K
  class space    used 8515K, capacity 8804K, committed 8876K, reserved 1048576K
}

Deoptimization events (10 events):
Event: 53.174 Thread 0x000002602b9b9800 Uncommon trap: reason=unstable_if action=reinterpret pc=0x000002602ef0a528 method=net.minecraft.entity.Entity.isEntityInsideOpaqueBlock()Z @ 160
Event: 53.174 Thread 0x000002602b9b9800 Uncommon trap: reason=unstable_if action=reinterpret pc=0x000002602f87cb5c method=net.minecraft.entity.EntityLivingBase.onEntityUpdate()V @ 41
Event: 53.786 Thread 0x000002602b9b9800 Uncommon trap: reason=class_check action=maybe_recompile pc=0x000002602f936308 method=net.minecraft.block.BlockLiquid.randomDisplayTick(Lnet/minecraft/block/state/IBlockState;Lnet/minecraft/world/World;Lnet/minecraft/util/math/BlockPos;Ljava/util/Random;)
Event: 54.075 Thread 0x000002602b9b9800 Uncommon trap: reason=class_check action=maybe_recompile pc=0x000002602f936308 method=net.minecraft.block.BlockLiquid.randomDisplayTick(Lnet/minecraft/block/state/IBlockState;Lnet/minecraft/world/World;Lnet/minecraft/util/math/BlockPos;Ljava/util/Random;)
Event: 54.419 Thread 0x00000260436b7800 Uncommon trap: reason=unstable_if action=reinterpret pc=0x000002602f150904 method=java.util.concurrent.locks.ReentrantLock$Sync.nonfairTryAcquire(I)Z @ 19
Event: 55.737 Thread 0x000002602b9b9800 Uncommon trap: reason=speculate_class_check action=maybe_recompile pc=0x000002602fb53154 method=com.kisman.cc.module.render.ShaderCharms.onRenderWorld(Lnet/minecraftforge/client/event/RenderWorldLastEvent;)V @ 689
Event: 55.784 Thread 0x000002602b9b9800 Uncommon trap: reason=speculate_class_check action=maybe_recompile pc=0x000002602fb53154 method=com.kisman.cc.module.render.ShaderCharms.onRenderWorld(Lnet/minecraftforge/client/event/RenderWorldLastEvent;)V @ 689
Event: 55.832 Thread 0x000002602b9b9800 Uncommon trap: reason=speculate_class_check action=maybe_recompile pc=0x000002602fb53154 method=com.kisman.cc.module.render.ShaderCharms.onRenderWorld(Lnet/minecraftforge/client/event/RenderWorldLastEvent;)V @ 689
Event: 55.870 Thread 0x000002602b9b9800 Uncommon trap: reason=speculate_class_check action=maybe_recompile pc=0x000002602fb53154 method=com.kisman.cc.module.render.ShaderCharms.onRenderWorld(Lnet/minecraftforge/client/event/RenderWorldLastEvent;)V @ 689
Event: 56.124 Thread 0x00000260436b7800 Uncommon trap: reason=unstable_if action=reinterpret pc=0x000002602d773c04 method=java.util.concurrent.locks.ReentrantLock$Sync.nonfairTryAcquire(I)Z @ 19

Classes redefined (0 events):
No events

Internal exceptions (10 events):
Event: 56.086 Thread 0x00000260436b4000 Exception <a 'java/lang/InterruptedException': sleep interrupted> (0x00000000d718e0b8) thrown at [C:\jenkins\workspace\8-2-build-windows-amd64-cygwin\jdk8u301\1513\hotspot\src\share\vm\prims\jvm.cpp, line 3357]
Event: 56.086 Thread 0x00000260436b4000 Exception <a 'java/lang/InterruptedException': sleep interrupted> (0x00000000d718e338) thrown at [C:\jenkins\workspace\8-2-build-windows-amd64-cygwin\jdk8u301\1513\hotspot\src\share\vm\prims\jvm.cpp, line 3357]
Event: 56.123 Thread 0x00000260436b4000 Exception <a 'java/lang/InterruptedException': sleep interrupted> (0x00000000d718e5b8) thrown at [C:\jenkins\workspace\8-2-build-windows-amd64-cygwin\jdk8u301\1513\hotspot\src\share\vm\prims\jvm.cpp, line 3357]
Event: 56.154 Thread 0x00000260436b4000 Exception <a 'java/lang/InterruptedException': sleep interrupted> (0x00000000d718e860) thrown at [C:\jenkins\workspace\8-2-build-windows-amd64-cygwin\jdk8u301\1513\hotspot\src\share\vm\prims\jvm.cpp, line 3357]
Event: 56.188 Thread 0x00000260436b4000 Exception <a 'java/lang/InterruptedException': sleep interrupted> (0x00000000d718eb08) thrown at [C:\jenkins\workspace\8-2-build-windows-amd64-cygwin\jdk8u301\1513\hotspot\src\share\vm\prims\jvm.cpp, line 3357]
Event: 56.219 Thread 0x00000260436b4000 Exception <a 'java/lang/InterruptedException': sleep interrupted> (0x00000000d718edb0) thrown at [C:\jenkins\workspace\8-2-build-windows-amd64-cygwin\jdk8u301\1513\hotspot\src\share\vm\prims\jvm.cpp, line 3357]
Event: 56.219 Thread 0x00000260436b4000 Exception <a 'java/lang/InterruptedException': sleep interrupted> (0x00000000d718f030) thrown at [C:\jenkins\workspace\8-2-build-windows-amd64-cygwin\jdk8u301\1513\hotspot\src\share\vm\prims\jvm.cpp, line 3357]
Event: 56.257 Thread 0x00000260436b4000 Exception <a 'java/lang/InterruptedException': sleep interrupted> (0x00000000d718f2b0) thrown at [C:\jenkins\workspace\8-2-build-windows-amd64-cygwin\jdk8u301\1513\hotspot\src\share\vm\prims\jvm.cpp, line 3357]
Event: 56.258 Thread 0x00000260436b4000 Exception <a 'java/lang/InterruptedException': sleep interrupted> (0x00000000d718f530) thrown at [C:\jenkins\workspace\8-2-build-windows-amd64-cygwin\jdk8u301\1513\hotspot\src\share\vm\prims\jvm.cpp, line 3357]
Event: 56.273 Thread 0x0000026048cbe800 Exception <a 'java/security/PrivilegedActionException'> (0x00000000f0824e18) thrown at [C:\jenkins\workspace\8-2-build-windows-amd64-cygwin\jdk8u301\1513\hotspot\src\share\vm\prims\jvm.cpp, line 1523]

Events (10 events):
Event: 55.832 Thread 0x000002602b9b9800 DEOPT PACKING pc=0x000002602fb53154 sp=0x000000a9e96fd400
Event: 55.832 Thread 0x000002602b9b9800 DEOPT UNPACKING pc=0x000002602d2b5843 sp=0x000000a9e96fd398 mode 2
Event: 55.869 Thread 0x000002602b9b9800 Uncommon trap: trap_request=0xffffff76 fr.pc=0x000002602fb53154
Event: 55.870 Thread 0x000002602b9b9800 DEOPT PACKING pc=0x000002602fb53154 sp=0x000000a9e96fd400
Event: 55.870 Thread 0x000002602b9b9800 DEOPT UNPACKING pc=0x000002602d2b5843 sp=0x000000a9e96fd398 mode 2
Event: 55.933 Thread 0x00000260436b7800 DEOPT PACKING pc=0x000002602f29ff5c sp=0x000000a9ec6fedb0
Event: 55.933 Thread 0x00000260436b7800 DEOPT UNPACKING pc=0x000002602d2b7898 sp=0x000000a9ec6feb18 mode 0
Event: 56.124 Thread 0x00000260436b7800 Uncommon trap: trap_request=0xffffff65 fr.pc=0x000002602d773c04
Event: 56.124 Thread 0x00000260436b7800 DEOPT PACKING pc=0x000002602d773c04 sp=0x000000a9ec6fee10
Event: 56.124 Thread 0x00000260436b7800 DEOPT UNPACKING pc=0x000002602d2b5843 sp=0x000000a9ec6fed90 mode 2


Dynamic libraries:
0x00007ff6e1c80000 - 0x00007ff6e1cc7000 	C:\Program Files\Java\jdk1.8.0_301\bin\java.exe
0x00007ff91a250000 - 0x00007ff91a43d000 	C:\Windows\SYSTEM32\ntdll.dll
0x00007ff9179b0000 - 0x00007ff917a64000 	C:\Windows\System32\KERNEL32.DLL
0x00007ff916560000 - 0x00007ff9167f4000 	C:\Windows\System32\KERNELBASE.dll
0x00007ff919a70000 - 0x00007ff919b17000 	C:\Windows\System32\ADVAPI32.dll
0x00007ff9193b0000 - 0x00007ff91944e000 	C:\Windows\System32\msvcrt.dll
0x00007ff91a000000 - 0x00007ff91a09f000 	C:\Windows\System32\sechost.dll
0x00007ff919770000 - 0x00007ff91988d000 	C:\Windows\System32\RPCRT4.dll
0x00007ff919210000 - 0x00007ff9193a7000 	C:\Windows\System32\USER32.dll
0x00007ff9164f0000 - 0x00007ff916510000 	C:\Windows\System32\win32u.dll
0x00007ff917480000 - 0x00007ff9174a9000 	C:\Windows\System32\GDI32.dll
0x00007ff9162f0000 - 0x00007ff91648c000 	C:\Windows\System32\gdi32full.dll
0x00007ff916b60000 - 0x00007ff916c00000 	C:\Windows\System32\msvcp_win.dll
0x00007ff917380000 - 0x00007ff91747a000 	C:\Windows\System32\ucrtbase.dll
0x00007ff8fa5b0000 - 0x00007ff8fa829000 	C:\Windows\WinSxS\amd64_microsoft.windows.common-controls_6595b64144ccf1df_6.0.17763.2452_none_de72b7b25349edd3\COMCTL32.dll
0x00007ff9174b0000 - 0x00007ff9177dd000 	C:\Windows\System32\combase.dll
0x00007ff916a00000 - 0x00007ff916a82000 	C:\Windows\System32\bcryptPrimitives.dll
0x00007ff919450000 - 0x00007ff91947e000 	C:\Windows\System32\IMM32.DLL
0x00007ff90e520000 - 0x00007ff90e535000 	C:\Program Files\Java\jdk1.8.0_301\jre\bin\vcruntime140.dll
0x00007ff90e150000 - 0x00007ff90e1eb000 	C:\Program Files\Java\jdk1.8.0_301\jre\bin\msvcp140.dll
0x0000000062640000 - 0x0000000062ea0000 	C:\Program Files\Java\jdk1.8.0_301\jre\bin\server\jvm.dll
0x00007ff919750000 - 0x00007ff919758000 	C:\Windows\System32\PSAPI.DLL
0x00007ff8ef3b0000 - 0x00007ff8ef3b9000 	C:\Windows\SYSTEM32\WSOCK32.dll
0x00007ff919890000 - 0x00007ff9198fd000 	C:\Windows\System32\WS2_32.dll
0x00007ff913de0000 - 0x00007ff913e04000 	C:\Windows\SYSTEM32\WINMM.dll
0x00007ff90b5d0000 - 0x00007ff90b5da000 	C:\Windows\SYSTEM32\VERSION.dll
0x00007ff913db0000 - 0x00007ff913ddd000 	C:\Windows\SYSTEM32\WINMMBASE.dll
0x00007ff916510000 - 0x00007ff91655a000 	C:\Windows\System32\cfgmgr32.dll
0x00007ff916240000 - 0x00007ff916251000 	C:\Windows\System32\kernel.appcore.dll
0x00007ff911cd0000 - 0x00007ff911ce0000 	C:\Program Files\Java\jdk1.8.0_301\jre\bin\verify.dll
0x00007ff90e2b0000 - 0x00007ff90e2db000 	C:\Program Files\Java\jdk1.8.0_301\jre\bin\java.dll
0x00007ff908630000 - 0x00007ff908660000 	C:\Program Files\Java\jdk1.8.0_301\jre\bin\instrument.dll
0x00007ff90e290000 - 0x00007ff90e2a8000 	C:\Program Files\Java\jdk1.8.0_301\jre\bin\zip.dll
0x00007ff917a70000 - 0x00007ff918f69000 	C:\Windows\System32\SHELL32.dll
0x00007ff91a0a0000 - 0x00007ff91a148000 	C:\Windows\System32\shcore.dll
0x00007ff916c30000 - 0x00007ff91737b000 	C:\Windows\System32\windows.storage.dll
0x00007ff9162c0000 - 0x00007ff9162e4000 	C:\Windows\System32\profapi.dll
0x00007ff916260000 - 0x00007ff9162bd000 	C:\Windows\System32\powrprof.dll
0x00007ff9177f0000 - 0x00007ff917842000 	C:\Windows\System32\shlwapi.dll
0x00007ff916b40000 - 0x00007ff916b57000 	C:\Windows\System32\cryptsp.dll
0x00007ff90e1f0000 - 0x00007ff90e20a000 	C:\Program Files\JetBrains\IntelliJ IDEA Community Edition 2021.2.3\bin\breakgen64.dll
0x00007ff90e130000 - 0x00007ff90e14c000 	C:\Program Files\Java\jdk1.8.0_301\jre\bin\net.dll
0x00007ff915a70000 - 0x00007ff915ad7000 	C:\Windows\system32\mswsock.dll
0x00007ff90e280000 - 0x00007ff90e28d000 	C:\Program Files\Java\jdk1.8.0_301\jre\bin\management.dll
0x00007ff903f20000 - 0x00007ff903f36000 	C:\Windows\system32\napinsp.dll
0x00007ff903f50000 - 0x00007ff903f6a000 	C:\Windows\system32\pnrpnsp.dll
0x00007ff915810000 - 0x00007ff9158d6000 	C:\Windows\SYSTEM32\DNSAPI.dll
0x00007ff9177e0000 - 0x00007ff9177e8000 	C:\Windows\System32\NSI.dll
0x00007ff915780000 - 0x00007ff9157bd000 	C:\Windows\SYSTEM32\IPHLPAPI.DLL
0x00007ff907420000 - 0x00007ff90742e000 	C:\Windows\System32\winrnr.dll
0x00007ff912a50000 - 0x00007ff912a6b000 	C:\Windows\system32\NLAapi.dll
0x00007ff9021e0000 - 0x00007ff9021f5000 	C:\Windows\system32\wshbth.dll
0x00007ff90be30000 - 0x00007ff90be3a000 	C:\Windows\System32\rasadhlp.dll
0x00007ff90c470000 - 0x00007ff90c4e9000 	C:\Windows\System32\fwpuclnt.dll
0x00007ff916c00000 - 0x00007ff916c26000 	C:\Windows\System32\bcrypt.dll
0x00007ff908660000 - 0x00007ff908673000 	C:\Program Files\Java\jdk1.8.0_301\jre\bin\nio.dll
0x00007ff915590000 - 0x00007ff9155c3000 	C:\Windows\system32\rsaenh.dll
0x00007ff916150000 - 0x00007ff916179000 	C:\Windows\SYSTEM32\USERENV.dll
0x00007ff915c40000 - 0x00007ff915c4c000 	C:\Windows\SYSTEM32\CRYPTBASE.dll
0x00007ff90cb00000 - 0x00007ff90cb16000 	C:\Windows\SYSTEM32\dhcpcsvc6.DLL
0x00007ff90cae0000 - 0x00007ff90cafc000 	C:\Windows\SYSTEM32\dhcpcsvc.DLL
0x00007ff904180000 - 0x00007ff9041c2000 	C:\Users\Tymur\AppData\Local\Temp\jna-81288965\jna6733476095691401985.dll
0x0000000180000000 - 0x0000000180053000 	C:\Users\Tymur\.gradle\caches\minecraft\net\minecraft\natives\1.12.2\lwjgl64.dll
0x00007ff8f8200000 - 0x00007ff8f8327000 	C:\Windows\SYSTEM32\OPENGL32.dll
0x00007ff8ff680000 - 0x00007ff8ff6ac000 	C:\Windows\SYSTEM32\GLU32.dll
0x00007ff8fb1e0000 - 0x00007ff8fb375000 	C:\Program Files\Java\jdk1.8.0_301\jre\bin\awt.dll
0x00007ff91a150000 - 0x00007ff91a214000 	C:\Windows\System32\OLEAUT32.dll
0x00007ff914450000 - 0x00007ff9144dc000 	C:\Windows\SYSTEM32\apphelp.dll
0x00007ff9145f0000 - 0x00007ff91468c000 	C:\Windows\system32\uxtheme.dll
0x00007ff9190a0000 - 0x00007ff91920b000 	C:\Windows\System32\MSCTF.dll
0x00007ff8e2e80000 - 0x00007ff8e39c6000 	C:\Windows\SYSTEM32\ig75icd64.dll
0x00007ff912da0000 - 0x00007ff912db3000 	C:\Windows\SYSTEM32\WTSAPI32.dll
0x00007ff90ef40000 - 0x00007ff90f980000 	C:\Windows\SYSTEM32\igdusc64.dll
0x00007ff914880000 - 0x00007ff9148ae000 	C:\Windows\SYSTEM32\dwmapi.dll
0x00007ff916800000 - 0x00007ff9169f5000 	C:\Windows\System32\CRYPT32.dll
0x00007ff916220000 - 0x00007ff916232000 	C:\Windows\System32\MSASN1.dll
0x00007ff8f6840000 - 0x00007ff8f68ed000 	C:\Windows\SYSTEM32\mscms.dll
0x00007ff8ff6f0000 - 0x00007ff8ff700000 	C:\Windows\SYSTEM32\ColorAdapterClient.dll
0x00007ff8d38d0000 - 0x00007ff8d3913000 	C:\Windows\SYSTEM32\icm32.dll
0x00007ff914f00000 - 0x00007ff914fc2000 	C:\Windows\SYSTEM32\dxgi.dll
0x00007ff912e80000 - 0x00007ff9130fe000 	C:\Windows\SYSTEM32\d3d11.dll
0x00007ff9100e0000 - 0x00007ff910fab000 	C:\Windows\SYSTEM32\igd10iumd64.dll
0x00007ff915d40000 - 0x00007ff915d66000 	C:\Windows\SYSTEM32\ncrypt.dll
0x00007ff915d00000 - 0x00007ff915d3c000 	C:\Windows\SYSTEM32\NTASN1.dll
0x00007ff901be0000 - 0x00007ff901c22000 	C:\Users\Tymur\AppData\Local\Temp\jna-81288965\jna3401077050852678910.dll
0x00007ff9085f0000 - 0x00007ff908614000 	C:\Program Files\Java\jdk1.8.0_301\jre\bin\sunec.dll
0x00007ff90e260000 - 0x00007ff90e26d000 	C:\Program Files\Java\jdk1.8.0_301\jre\bin\sunmscapi.dll
0x0000026047f70000 - 0x0000026047fd4000 	C:\Users\Tymur\.gradle\caches\minecraft\net\minecraft\natives\1.12.2\OpenAL64.dll
0x00007ff917850000 - 0x00007ff9179a6000 	C:\Windows\System32\ole32.dll
0x00007ff9199c0000 - 0x00007ff919a62000 	C:\Windows\System32\clbcatq.dll
0x00007ff90ec20000 - 0x00007ff90ec90000 	C:\Windows\System32\MMDevApi.dll
0x00007ff916030000 - 0x00007ff916059000 	C:\Windows\System32\DEVOBJ.dll
0x00007ff912bc0000 - 0x00007ff912d69000 	C:\Windows\System32\PROPSYS.dll
0x00007ff8bd370000 - 0x00007ff8bd406000 	C:\Windows\SYSTEM32\dsound.dll
0x00007ff8fc900000 - 0x00007ff8fca4a000 	C:\Windows\SYSTEM32\AUDIOSES.DLL
0x00007ff912230000 - 0x00007ff912381000 	C:\Windows\SYSTEM32\wintypes.dll
0x00007ff911cc0000 - 0x00007ff911cca000 	C:\Windows\SYSTEM32\AVRT.dll
0x00007ff914b70000 - 0x00007ff914b84000 	C:\Windows\SYSTEM32\resourcepolicyclient.dll
0x00007ff906660000 - 0x00007ff9066f3000 	C:\Windows\System32\TextInputFramework.dll
0x00007ff914170000 - 0x00007ff914251000 	C:\Windows\System32\CoreMessaging.dll
0x00007ff9112d0000 - 0x00007ff9115f2000 	C:\Windows\System32\CoreUIComponents.dll
0x00007ff915250000 - 0x00007ff915281000 	C:\Windows\SYSTEM32\ntmarta.dll
0x00007ff8fa850000 - 0x00007ff8fa8ec000 	C:\KAMI-master\lava_hack\build\resources\main\win32-x86-64\discord-rpc.dll
0x00007ff8fbb30000 - 0x00007ff8fbb79000 	C:\Program Files\Java\jdk1.8.0_301\jre\bin\fontmanager.dll
0x00007ff8fa530000 - 0x00007ff8fa573000 	C:\Program Files\Java\jdk1.8.0_301\jre\bin\t2k.dll
0x00007ff906840000 - 0x00007ff90685a000 	C:\Users\Tymur\.gradle\caches\minecraft\net\minecraft\natives\1.12.2\SAPIWrapper_x64.dll
0x00007ff909e20000 - 0x00007ff90a00d000 	C:\Windows\SYSTEM32\dbghelp.dll

VM Arguments:
jvm_args: -javaagent:C:\Program Files\JetBrains\IntelliJ IDEA Community Edition 2021.2.3\lib\idea_rt.jar=58863:C:\Program Files\JetBrains\IntelliJ IDEA Community Edition 2021.2.3\bin -Dfile.encoding=UTF-8 
java_command: GradleStart
java_class_path (initial): C:\Program Files\Java\jdk1.8.0_301\jre\lib\charsets.jar;C:\Program Files\Java\jdk1.8.0_301\jre\lib\deploy.jar;C:\Program Files\Java\jdk1.8.0_301\jre\lib\ext\access-bridge-64.jar;C:\Program Files\Java\jdk1.8.0_301\jre\lib\ext\cldrdata.jar;C:\Program Files\Java\jdk1.8.0_301\jre\lib\ext\dnsns.jar;C:\Program Files\Java\jdk1.8.0_301\jre\lib\ext\jaccess.jar;C:\Program Files\Java\jdk1.8.0_301\jre\lib\ext\jfxrt.jar;C:\Program Files\Java\jdk1.8.0_301\jre\lib\ext\localedata.jar;C:\Program Files\Java\jdk1.8.0_301\jre\lib\ext\nashorn.jar;C:\Program Files\Java\jdk1.8.0_301\jre\lib\ext\sunec.jar;C:\Program Files\Java\jdk1.8.0_301\jre\lib\ext\sunjce_provider.jar;C:\Program Files\Java\jdk1.8.0_301\jre\lib\ext\sunmscapi.jar;C:\Program Files\Java\jdk1.8.0_301\jre\lib\ext\sunpkcs11.jar;C:\Program Files\Java\jdk1.8.0_301\jre\lib\ext\zipfs.jar;C:\Program Files\Java\jdk1.8.0_301\jre\lib\javaws.jar;C:\Program Files\Java\jdk1.8.0_301\jre\lib\jce.jar;C:\Program Files\Java\jdk1.8.0_301\jre\lib\jfr.jar;C:\Program Files\Java\jdk1.8.0_301\jre\lib\jfxswt.jar;C:\Program Files\Java\jdk1.8.0_301\jre\lib\jsse.jar;C:\Program Files\Java\jdk1.8.0_301\jre\lib\management-agent.jar;C:\Program Files\Java\jdk1.8.0_301\jre\lib\plugin.jar;C:\Program Files\Java\jdk1.8.0_301\jre\lib\resources.jar;C:\Program Files\Java\jdk1.8.0_301\jre\lib\rt.jar;C:\KAMI-master\lava_hack\build\classes\java\main;C:\KAMI-master\lava_hack\build\resources\main;C:\Users\Tymur\.gradle\caches\minecraft\deobfedDeps\compileDummy.jar;C:\Users\Tymur\.gradle\caches\minecraft\deobfedDeps\providedDummy.jar;C:\Users\Tymur\.gradle\caches\modules-2\files-2.1\org.spongepowered\mixin\0.7.4-SNAPSHOT\d22c5b223b3ff950cd165446dbc88afb162a8b6e\mixin-0.7.4-SNAPSHOT.jar;C:\Users\Tymur\.gradle\caches\modules-2\files-2.1\com.lukflug\panelstudio\0.1.8\b5ba0dfcb4199c80aa7011be3c840d5cf940e1be\panelstudio-0.1.8.jar;C:\Users\Tymur\.gradle\caches\modules-2\files-2.1\com.lukflug\panelstudio-mc12\0.1.8\885c76b26e7b2d320a895978da957fb5
Launcher Type: SUN_STANDARD

Environment Variables:
JAVA_HOME=C:\Program Files\Java\jdk1.8.0_301
PATH=C:\Program Files (x86)\Common Files\Oracle\Java\javapath;C:\Windows\system32;C:\Windows;C:\Windows\System32\Wbem;C:\Windows\System32\WindowsPowerShell\v1.0\;C:\Windows\System32\OpenSSH\;C:\Program Files\Java\jdk1.8.0_301\bin;C:\Program Files (x86)\apache-maven-3.8.2\bin;C:\Program Files\Git\cmd;C:\Users\Tymur\AppData\Local\Microsoft\WindowsApps;C:\Users\Tymur\AppData\Local\GitHubDesktop\bin
USERNAME=Tymur
OS=Windows_NT
PROCESSOR_IDENTIFIER=Intel64 Family 6 Model 60 Stepping 3, GenuineIntel



---------------  S Y S T E M  ---------------

OS: Windows 10.0 , 64 bit Build 17763 (10.0.17763.2452)

CPU:total 4 (initial active 4) (4 cores per cpu, 1 threads per core) family 6 model 60 stepping 3, cmov, cx8, fxsr, mmx, sse, sse2, sse3, ssse3, sse4.1, sse4.2, popcnt, avx, avx2, aes, clmul, erms, lzcnt, tsc, tscinvbit, bmi1, bmi2

Memory: 4k page, physical 8187068k(1343024k free), swap 40955068k(5916k free)

vm_info: Java HotSpot(TM) 64-Bit Server VM (25.301-b09) for windows-amd64 JRE (1.8.0_301-b09), built on Jun  9 2021 06:46:21 by "java_re" with MS VC++ 15.9 (VS2017)

time: Fri Jan 28 19:05:39 2022
timezone: ??onaeeinueee ?an (ceia)
elapsed time: 56.306711 seconds (0d 0h 0m 56s)

