#
# There is insufficient memory for the Java Runtime Environment to continue.
# Native memory allocation (malloc) failed to allocate 1662416 bytes for Chunk::new
# Possible reasons:
#   The system is out of physical RAM or swap space
#   The process is running with CompressedOops enabled, and the Java Heap may be blocking the growth of the native heap
# Possible solutions:
#   Reduce memory load on the system
#   Increase physical memory or swap space
#   Check if swap backing store is full
#   Decrease Java heap size (-Xmx/-Xms)
#   Decrease number of Java threads
#   Decrease Java thread stack sizes (-Xss)
#   Set larger code cache with -XX:ReservedCodeCacheSize=
#   JVM is running with Unscaled Compressed Oops mode in which the Java heap is
#     placed in the first 4GB address space. The Java Heap base address is the
#     maximum limit for the native heap growth. Please use -XX:HeapBaseMinAddress
#     to set the Java Heap base and to place the Java Heap above 4GB virtual address.
# This output file may be truncated or incomplete.
#
#  Out of Memory Error (allocation.cpp:389), pid=10904, tid=0x0000000000000d74
#
# JRE version: Java(TM) SE Runtime Environment (8.0_301-b09) (build 1.8.0_301-b09)
# Java VM: Java HotSpot(TM) 64-Bit Server VM (25.301-b09 mixed mode windows-amd64 compressed oops)
# Failed to write core dump. Minidumps are not enabled by default on client versions of Windows
#

---------------  T H R E A D  ---------------

Current thread (0x0000023c7fb64800):  JavaThread "C2 CompilerThread1" daemon [_thread_in_native, id=3444, stack(0x000000d095400000,0x000000d095500000)]

Stack: [0x000000d095400000,0x000000d095500000]
Native frames: (J=compiled Java code, j=interpreted, Vv=VM code, C=native code)
V  [jvm.dll+0x32ed79]
V  [jvm.dll+0x275722]
V  [jvm.dll+0x2763cd]
V  [jvm.dll+0x26ce05]
V  [jvm.dll+0xd551c]
V  [jvm.dll+0xd5d1c]
V  [jvm.dll+0x470143]
V  [jvm.dll+0x437c50]
V  [jvm.dll+0x440c55]
V  [jvm.dll+0x440015]
V  [jvm.dll+0x42ae57]
V  [jvm.dll+0xac1bb]
V  [jvm.dll+0xaa81b]
V  [jvm.dll+0x23ddc2]
V  [jvm.dll+0x2923dc]
C  [ucrtbase.dll+0x2268a]
C  [KERNEL32.DLL+0x17974]
C  [ntdll.dll+0x5a2f1]


Current CompileTask:
C2:  98983 14402       4       org.apache.logging.log4j.core.pattern.ExtendedThrowablePatternConverter::format (224 bytes)


---------------  P R O C E S S  ---------------

Java Threads: ( => current thread )
  0x0000023c19a40000 JavaThread "Timer-2" daemon [_thread_blocked, id=4276, stack(0x000000d097700000,0x000000d097800000)]
  0x0000023c19a44000 JavaThread "pool-2-thread-1" [_thread_blocked, id=9992, stack(0x000000d097600000,0x000000d097700000)]
  0x0000023c19a38000 JavaThread "Chunk Batcher 3" daemon [_thread_blocked, id=3968, stack(0x000000d097500000,0x000000d097600000)]
  0x0000023c19a38800 JavaThread "Chunk Batcher 2" daemon [_thread_blocked, id=11060, stack(0x000000d097400000,0x000000d097500000)]
  0x0000023c19a3e800 JavaThread "Chunk Batcher 1" daemon [_thread_blocked, id=4536, stack(0x000000d097300000,0x000000d097400000)]
  0x0000023c19a37000 JavaThread "Chunk Batcher 0" daemon [_thread_blocked, id=4452, stack(0x000000d097200000,0x000000d097300000)]
  0x0000023c19a3e000 JavaThread "Chunk I/O Executor Thread-1" daemon [_thread_blocked, id=11136, stack(0x000000d097100000,0x000000d097200000)]
  0x0000023c19a3d000 JavaThread "Timer-1" daemon [_thread_in_Java, id=10476, stack(0x000000d097000000,0x000000d097100000)]
  0x0000023c19a3a000 JavaThread "Keep-Alive-Timer" daemon [_thread_blocked, id=1548, stack(0x000000d096f00000,0x000000d097000000)]
  0x0000023c19a36800 JavaThread "Netty Server IO #1" daemon [_thread_in_native, id=6152, stack(0x000000d096e00000,0x000000d096f00000)]
  0x0000023c19a3c800 JavaThread "Netty Local Client IO #0" daemon [_thread_blocked, id=2284, stack(0x000000d096b00000,0x000000d096c00000)]
  0x0000023c19a39800 JavaThread "Netty Server IO #0" daemon [_thread_in_native, id=648, stack(0x000000d096300000,0x000000d096400000)]
  0x0000023c19a3b800 JavaThread "File IO Thread" [_thread_in_native, id=5972, stack(0x000000d094700000,0x000000d094800000)]
  0x0000023c1a0f1800 JavaThread "Server thread" [_thread_blocked, id=5936, stack(0x000000d094600000,0x000000d094700000)]
  0x0000023c1a0f8000 JavaThread "Snooper Timer" daemon [_thread_blocked, id=9560, stack(0x000000d094500000,0x000000d094600000)]
  0x0000023c1a0f7800 JavaThread "Narrator" daemon [_thread_blocked, id=9668, stack(0x000000d096000000,0x000000d096100000)]
  0x0000023c1a0f3800 JavaThread "AWT-Windows" daemon [_thread_in_native, id=10772, stack(0x000000d096a00000,0x000000d096b00000)]
  0x0000023c1a0f4800 JavaThread "Thread-6" [_thread_blocked, id=10924, stack(0x000000d096600000,0x000000d096700000)]
  0x0000023c1a0f6800 JavaThread "Thread-5" [_thread_blocked, id=10276, stack(0x000000d096500000,0x000000d096600000)]
  0x0000023c16b9e000 JavaThread "LWJGL Timer" daemon [_thread_blocked, id=13168, stack(0x000000d096100000,0x000000d096200000)]
  0x0000023c139ac800 JavaThread "Java2D Disposer" daemon [_thread_blocked, id=2824, stack(0x000000d095a00000,0x000000d095b00000)]
  0x0000023c16ee7000 JavaThread "Timer hack thread" daemon [_thread_blocked, id=7848, stack(0x000000d095900000,0x000000d095a00000)]
  0x0000023c15a9b800 JavaThread "Snooper Timer" daemon [_thread_blocked, id=13032, stack(0x000000d095800000,0x000000d095900000)]
  0x0000023c12eb8800 JavaThread "Service Thread" daemon [_thread_blocked, id=3020, stack(0x000000d095600000,0x000000d095700000)]
  0x0000023c7fbcb800 JavaThread "C1 CompilerThread2" daemon [_thread_blocked, id=5196, stack(0x000000d095500000,0x000000d095600000)]
=>0x0000023c7fb64800 JavaThread "C2 CompilerThread1" daemon [_thread_in_native, id=3444, stack(0x000000d095400000,0x000000d095500000)]
  0x0000023c7fb62000 JavaThread "C2 CompilerThread0" daemon [_thread_in_native, id=11444, stack(0x000000d095300000,0x000000d095400000)]
  0x0000023c7fb60800 JavaThread "Monitor Ctrl-Break" daemon [_thread_in_native, id=4020, stack(0x000000d095200000,0x000000d095300000)]
  0x0000023c7e5fd800 JavaThread "Attach Listener" daemon [_thread_blocked, id=4424, stack(0x000000d095100000,0x000000d095200000)]
  0x0000023c7e5fc800 JavaThread "Signal Dispatcher" daemon [_thread_blocked, id=11468, stack(0x000000d095000000,0x000000d095100000)]
  0x0000023c7e5d5000 JavaThread "Finalizer" daemon [_thread_blocked, id=6816, stack(0x000000d094f00000,0x000000d095000000)]
  0x0000023c7e5cd000 JavaThread "Reference Handler" daemon [_thread_blocked, id=2732, stack(0x000000d094e00000,0x000000d094f00000)]
  0x0000023c7b3ca800 JavaThread "Client thread" [_thread_in_native, id=11800, stack(0x000000d094800000,0x000000d094900000)]

Other Threads:
  0x0000023c7e5a2000 VMThread [stack: 0x000000d094d00000,0x000000d094e00000] [id=9344]
  0x0000023c12eef000 WatcherThread [stack: 0x000000d095700000,0x000000d095800000] [id=13176]

VM state:not at safepoint (normal execution)

VM Mutex/Monitor currently owned by a thread: None

heap address: 0x0000000083000000, size: 2000 MB, Compressed Oops mode: 32-bit
Narrow klass base: 0x0000000000000000, Narrow klass shift: 3
Compressed class space size: 1073741824 Address: 0x0000000100000000

Heap:
 PSYoungGen      total 584704K, used 303215K [0x00000000d6580000, 0x0000000100000000, 0x0000000100000000)
  eden space 485376K, 53% used [0x00000000d6580000,0x00000000e60dc790,0x00000000f3f80000)
  from space 99328K, 46% used [0x00000000f9f00000,0x00000000fcbbf5f8,0x0000000100000000)
  to   space 97792K, 0% used [0x00000000f3f80000,0x00000000f3f80000,0x00000000f9f00000)
 ParOldGen       total 335360K, used 268734K [0x0000000083000000, 0x0000000097780000, 0x00000000d6580000)
  object space 335360K, 80% used [0x0000000083000000,0x000000009366fb80,0x0000000097780000)
 Metaspace       used 67061K, capacity 68489K, committed 68736K, reserved 1110016K
  class space    used 8502K, capacity 8796K, committed 8832K, reserved 1048576K

Card table byte_map: [0x0000023c7d140000,0x0000023c7d530000] byte_map_base: 0x0000023c7cd28000

Marking Bits: (ParMarkBitMap*) 0x0000000062e27fe0
 Begin Bits: [0x0000023c0f000000, 0x0000023c10f40000)
 End Bits:   [0x0000023c10f40000, 0x0000023c12e80000)

Polling page: 0x0000023c7b5a0000

CodeCache: size=245760Kb used=39891Kb max_used=39891Kb free=205868Kb
 bounds [0x0000023c00000000, 0x0000023c02740000, 0x0000023c0f000000]
 total_blobs=11678 nmethods=10652 adapters=936
 compilation: enabled

Compilation events (10 events):
Event: 98.892 Thread 0x0000023c7fbcb800 14408       1       net.minecraft.entity.passive.EntityVillager::canDespawn (2 bytes)
Event: 98.892 Thread 0x0000023c7fbcb800 nmethod 14408 0x0000023c02701290 code [0x0000023c027013e0, 0x0000023c027014f8]
Event: 98.901 Thread 0x0000023c7fbcb800 14410       1       org.lwjgl.opengl.APIUtil::getBufferInt (8 bytes)
Event: 98.901 Thread 0x0000023c7fbcb800 nmethod 14410 0x0000023c02700f50 code [0x0000023c027010a0, 0x0000023c027011b8]
Event: 98.915 Thread 0x0000023c7fbcb800 14411       3       net.minecraftforge.server.terminalconsole.HighlightErrorConverter::format (90 bytes)
Event: 98.916 Thread 0x0000023c7fbcb800 nmethod 14411 0x0000023c0272c090 code [0x0000023c0272c2e0, 0x0000023c0272d2e0]
Event: 98.940 Thread 0x0000023c7fbcb800 14412       1       net.minecraft.client.Minecraft::isGamePaused (5 bytes)
Event: 98.940 Thread 0x0000023c7fbcb800 nmethod 14412 0x0000023c0272bd50 code [0x0000023c0272bea0, 0x0000023c0272bfb8]
Event: 98.946 Thread 0x0000023c7fbcb800 14413       3       net.minecraft.client.renderer.GlStateManager::doPolygonOffset (42 bytes)
Event: 98.947 Thread 0x0000023c7fbcb800 nmethod 14413 0x0000023c0272f950 code [0x0000023c0272fb40, 0x0000023c027303c0]

GC Heap History (10 events):
Event: 87.743 GC heap before
{Heap before GC invocations=31 (full 6):
 PSYoungGen      total 553472K, used 0K [0x00000000d6580000, 0x00000000fd180000, 0x0000000100000000)
  eden space 474112K, 0% used [0x00000000d6580000,0x00000000d6580000,0x00000000f3480000)
  from space 79360K, 0% used [0x00000000f3480000,0x00000000f3480000,0x00000000f8200000)
  to   space 78848K, 0% used [0x00000000f8480000,0x00000000f8480000,0x00000000fd180000)
 ParOldGen       total 335360K, used 195576K [0x0000000083000000, 0x0000000097780000, 0x00000000d6580000)
  object space 335360K, 58% used [0x0000000083000000,0x000000008eefe2a0,0x0000000097780000)
 Metaspace       used 57237K, capacity 58445K, committed 58752K, reserved 1099776K
  class space    used 7428K, capacity 7716K, committed 7808K, reserved 1048576K
Event: 87.840 GC heap after
Heap after GC invocations=31 (full 6):
 PSYoungGen      total 553472K, used 0K [0x00000000d6580000, 0x00000000fd180000, 0x0000000100000000)
  eden space 474112K, 0% used [0x00000000d6580000,0x00000000d6580000,0x00000000f3480000)
  from space 79360K, 0% used [0x00000000f3480000,0x00000000f3480000,0x00000000f8200000)
  to   space 78848K, 0% used [0x00000000f8480000,0x00000000f8480000,0x00000000fd180000)
 ParOldGen       total 335360K, used 195576K [0x0000000083000000, 0x0000000097780000, 0x00000000d6580000)
  object space 335360K, 58% used [0x0000000083000000,0x000000008eefe278,0x0000000097780000)
 Metaspace       used 57237K, capacity 58445K, committed 58752K, reserved 1099776K
  class space    used 7428K, capacity 7716K, committed 7808K, reserved 1048576K
}
Event: 91.293 GC heap before
{Heap before GC invocations=32 (full 6):
 PSYoungGen      total 553472K, used 474112K [0x00000000d6580000, 0x00000000fd180000, 0x0000000100000000)
  eden space 474112K, 100% used [0x00000000d6580000,0x00000000f3480000,0x00000000f3480000)
  from space 79360K, 0% used [0x00000000f3480000,0x00000000f3480000,0x00000000f8200000)
  to   space 78848K, 0% used [0x00000000f8480000,0x00000000f8480000,0x00000000fd180000)
 ParOldGen       total 335360K, used 195576K [0x0000000083000000, 0x0000000097780000, 0x00000000d6580000)
  object space 335360K, 58% used [0x0000000083000000,0x000000008eefe278,0x0000000097780000)
 Metaspace       used 63040K, capacity 64355K, committed 64512K, reserved 1105920K
  class space    used 8129K, capacity 8417K, committed 8448K, reserved 1048576K
Event: 91.323 GC heap after
Heap after GC invocations=32 (full 6):
 PSYoungGen      total 549376K, used 57260K [0x00000000d6580000, 0x0000000100000000, 0x0000000100000000)
  eden space 470528K, 0% used [0x00000000d6580000,0x00000000d6580000,0x00000000f3100000)
  from space 78848K, 72% used [0x00000000f8480000,0x00000000fbc6b000,0x00000000fd180000)
  to   space 85504K, 0% used [0x00000000f3100000,0x00000000f3100000,0x00000000f8480000)
 ParOldGen       total 335360K, used 195584K [0x0000000083000000, 0x0000000097780000, 0x00000000d6580000)
  object space 335360K, 58% used [0x0000000083000000,0x000000008ef00278,0x0000000097780000)
 Metaspace       used 63040K, capacity 64355K, committed 64512K, reserved 1105920K
  class space    used 8129K, capacity 8417K, committed 8448K, reserved 1048576K
}
Event: 92.980 GC heap before
{Heap before GC invocations=33 (full 6):
 PSYoungGen      total 549376K, used 251999K [0x00000000d6580000, 0x0000000100000000, 0x0000000100000000)
  eden space 470528K, 41% used [0x00000000d6580000,0x00000000e23acc50,0x00000000f3100000)
  from space 78848K, 72% used [0x00000000f8480000,0x00000000fbc6b000,0x00000000fd180000)
  to   space 85504K, 0% used [0x00000000f3100000,0x00000000f3100000,0x00000000f8480000)
 ParOldGen       total 335360K, used 195584K [0x0000000083000000, 0x0000000097780000, 0x00000000d6580000)
  object space 335360K, 58% used [0x0000000083000000,0x000000008ef00278,0x0000000097780000)
 Metaspace       used 65378K, capacity 66699K, committed 66944K, reserved 1107968K
  class space    used 8413K, capacity 8745K, committed 8832K, reserved 1048576K
Event: 93.018 GC heap after
Heap after GC invocations=33 (full 6):
 PSYoungGen      total 556032K, used 80233K [0x00000000d6580000, 0x0000000100000000, 0x0000000100000000)
  eden space 470528K, 0% used [0x00000000d6580000,0x00000000d6580000,0x00000000f3100000)
  from space 85504K, 93% used [0x00000000f3100000,0x00000000f7f5a790,0x00000000f8480000)
  to   space 99328K, 0% used [0x00000000f9f00000,0x00000000f9f00000,0x0000000100000000)
 ParOldGen       total 335360K, used 195592K [0x0000000083000000, 0x0000000097780000, 0x00000000d6580000)
  object space 335360K, 58% used [0x0000000083000000,0x000000008ef02278,0x0000000097780000)
 Metaspace       used 65378K, capacity 66699K, committed 66944K, reserved 1107968K
  class space    used 8413K, capacity 8745K, committed 8832K, reserved 1048576K
}
Event: 93.018 GC heap before
{Heap before GC invocations=34 (full 7):
 PSYoungGen      total 556032K, used 80233K [0x00000000d6580000, 0x0000000100000000, 0x0000000100000000)
  eden space 470528K, 0% used [0x00000000d6580000,0x00000000d6580000,0x00000000f3100000)
  from space 85504K, 93% used [0x00000000f3100000,0x00000000f7f5a790,0x00000000f8480000)
  to   space 99328K, 0% used [0x00000000f9f00000,0x00000000f9f00000,0x0000000100000000)
 ParOldGen       total 335360K, used 195592K [0x0000000083000000, 0x0000000097780000, 0x00000000d6580000)
  object space 335360K, 58% used [0x0000000083000000,0x000000008ef02278,0x0000000097780000)
 Metaspace       used 65378K, capacity 66699K, committed 66944K, reserved 1107968K
  class space    used 8413K, capacity 8745K, committed 8832K, reserved 1048576K
Event: 93.345 GC heap after
Heap after GC invocations=34 (full 7):
 PSYoungGen      total 556032K, used 0K [0x00000000d6580000, 0x0000000100000000, 0x0000000100000000)
  eden space 470528K, 0% used [0x00000000d6580000,0x00000000d6580000,0x00000000f3100000)
  from space 85504K, 0% used [0x00000000f3100000,0x00000000f3100000,0x00000000f8480000)
  to   space 99328K, 0% used [0x00000000f9f00000,0x00000000f9f00000,0x0000000100000000)
 ParOldGen       total 335360K, used 268726K [0x0000000083000000, 0x0000000097780000, 0x00000000d6580000)
  object space 335360K, 80% used [0x0000000083000000,0x000000009366db80,0x0000000097780000)
 Metaspace       used 65378K, capacity 66699K, committed 66944K, reserved 1107968K
  class space    used 8413K, capacity 8745K, committed 8832K, reserved 1048576K
}
Event: 95.130 GC heap before
{Heap before GC invocations=35 (full 7):
 PSYoungGen      total 556032K, used 470528K [0x00000000d6580000, 0x0000000100000000, 0x0000000100000000)
  eden space 470528K, 100% used [0x00000000d6580000,0x00000000f3100000,0x00000000f3100000)
  from space 85504K, 0% used [0x00000000f3100000,0x00000000f3100000,0x00000000f8480000)
  to   space 99328K, 0% used [0x00000000f9f00000,0x00000000f9f00000,0x0000000100000000)
 ParOldGen       total 335360K, used 268726K [0x0000000083000000, 0x0000000097780000, 0x00000000d6580000)
  object space 335360K, 80% used [0x0000000083000000,0x000000009366db80,0x0000000097780000)
 Metaspace       used 66556K, capacity 67907K, committed 68224K, reserved 1107968K
  class space    used 8502K, capacity 8795K, committed 8832K, reserved 1048576K
Event: 95.149 GC heap after
Heap after GC invocations=35 (full 7):
 PSYoungGen      total 584704K, used 45821K [0x00000000d6580000, 0x0000000100000000, 0x0000000100000000)
  eden space 485376K, 0% used [0x00000000d6580000,0x00000000d6580000,0x00000000f3f80000)
  from space 99328K, 46% used [0x00000000f9f00000,0x00000000fcbbf5f8,0x0000000100000000)
  to   space 97792K, 0% used [0x00000000f3f80000,0x00000000f3f80000,0x00000000f9f00000)
 ParOldGen       total 335360K, used 268734K [0x0000000083000000, 0x0000000097780000, 0x00000000d6580000)
  object space 335360K, 80% used [0x0000000083000000,0x000000009366fb80,0x0000000097780000)
 Metaspace       used 66556K, capacity 67907K, committed 68224K, reserved 1107968K
  class space    used 8502K, capacity 8795K, committed 8832K, reserved 1048576K
}

Deoptimization events (10 events):
Event: 96.916 Thread 0x0000023c19a3d000 Uncommon trap: reason=class_check action=maybe_recompile pc=0x0000023c0238fd3c method=java.util.concurrent.ConcurrentHashMap.computeIfAbsent(Ljava/lang/Object;Ljava/util/function/Function;)Ljava/lang/Object; @ 17
Event: 96.919 Thread 0x0000023c19a3d000 Uncommon trap: reason=class_check action=maybe_recompile pc=0x0000023c0238fd3c method=java.util.concurrent.ConcurrentHashMap.computeIfAbsent(Ljava/lang/Object;Ljava/util/function/Function;)Ljava/lang/Object; @ 17
Event: 97.424 Thread 0x0000023c19a3d000 Uncommon trap: reason=unstable_if action=reinterpret pc=0x0000023c0113c0d0 method=sun.nio.cs.StreamDecoder.implRead([CII)I @ 105
Event: 97.458 Thread 0x0000023c19a3d000 Uncommon trap: reason=unstable_if action=reinterpret pc=0x0000023c020d6da0 method=com.sun.crypto.provider.CounterMode.increment([B)V @ 18
Event: 97.458 Thread 0x0000023c19a3d000 Uncommon trap: reason=unstable_if action=reinterpret pc=0x0000023c01accc74 method=com.sun.crypto.provider.CounterMode.increment([B)V @ 18
Event: 97.706 Thread 0x0000023c7b3ca800 Uncommon trap: reason=unstable_if action=reinterpret pc=0x0000023c0210d5f8 method=net.minecraft.client.model.ModelRenderer.render(F)V @ 18
Event: 98.003 Thread 0x0000023c1a0f1800 Uncommon trap: reason=unstable_if action=reinterpret pc=0x0000023c013db06c method=net.minecraft.util.math.AxisAlignedBB.calculateZOffset(Lnet/minecraft/util/math/AxisAlignedBB;D)D @ 81
Event: 98.239 Thread 0x0000023c1a0f1800 Uncommon trap: reason=unstable_if action=reinterpret pc=0x0000023c0261a224 method=net.minecraft.util.math.AxisAlignedBB.calculateZOffset(Lnet/minecraft/util/math/AxisAlignedBB;D)D @ 81
Event: 98.876 Thread 0x0000023c7b3ca800 Uncommon trap: reason=unstable_if action=reinterpret pc=0x0000023c02679350 method=net.minecraft.client.renderer.BlockFluidRenderer.renderFluid(Lnet/minecraft/world/IBlockAccess;Lnet/minecraft/block/state/IBlockState;Lnet/minecraft/util/math/BlockPos;Lnet/
Event: 98.876 Thread 0x0000023c7b3ca800 Uncommon trap: reason=unstable_if action=reinterpret pc=0x0000023c024a14d0 method=net.minecraft.client.renderer.BlockFluidRenderer.getFluidHeight(Lnet/minecraft/world/IBlockAccess;Lnet/minecraft/util/math/BlockPos;Lnet/minecraft/block/material/Material;)F

Classes redefined (0 events):
No events

Internal exceptions (10 events):
Event: 98.639 Thread 0x0000023c1a0f6800 Exception <a 'java/lang/InterruptedException': sleep interrupted> (0x00000000d72f3f08) thrown at [C:\jenkins\workspace\8-2-build-windows-amd64-cygwin\jdk8u301\1513\hotspot\src\share\vm\prims\jvm.cpp, line 3357]
Event: 98.681 Thread 0x0000023c1a0f6800 Exception <a 'java/lang/InterruptedException': sleep interrupted> (0x00000000d72f4188) thrown at [C:\jenkins\workspace\8-2-build-windows-amd64-cygwin\jdk8u301\1513\hotspot\src\share\vm\prims\jvm.cpp, line 3357]
Event: 98.708 Thread 0x0000023c1a0f6800 Exception <a 'java/lang/InterruptedException': sleep interrupted> (0x00000000d72f4430) thrown at [C:\jenkins\workspace\8-2-build-windows-amd64-cygwin\jdk8u301\1513\hotspot\src\share\vm\prims\jvm.cpp, line 3357]
Event: 98.746 Thread 0x0000023c1a0f6800 Exception <a 'java/lang/InterruptedException': sleep interrupted> (0x00000000d72f46d8) thrown at [C:\jenkins\workspace\8-2-build-windows-amd64-cygwin\jdk8u301\1513\hotspot\src\share\vm\prims\jvm.cpp, line 3357]
Event: 98.746 Thread 0x0000023c1a0f6800 Exception <a 'java/lang/InterruptedException': sleep interrupted> (0x00000000d72f4958) thrown at [C:\jenkins\workspace\8-2-build-windows-amd64-cygwin\jdk8u301\1513\hotspot\src\share\vm\prims\jvm.cpp, line 3357]
Event: 98.784 Thread 0x0000023c1a0f6800 Exception <a 'java/lang/InterruptedException': sleep interrupted> (0x00000000d72f4bd8) thrown at [C:\jenkins\workspace\8-2-build-windows-amd64-cygwin\jdk8u301\1513\hotspot\src\share\vm\prims\jvm.cpp, line 3357]
Event: 98.832 Thread 0x0000023c1a0f6800 Exception <a 'java/lang/InterruptedException': sleep interrupted> (0x00000000d72f4e80) thrown at [C:\jenkins\workspace\8-2-build-windows-amd64-cygwin\jdk8u301\1513\hotspot\src\share\vm\prims\jvm.cpp, line 3357]
Event: 98.872 Thread 0x0000023c1a0f6800 Exception <a 'java/lang/InterruptedException': sleep interrupted> (0x00000000d72f5128) thrown at [C:\jenkins\workspace\8-2-build-windows-amd64-cygwin\jdk8u301\1513\hotspot\src\share\vm\prims\jvm.cpp, line 3357]
Event: 98.938 Thread 0x0000023c1a0f6800 Exception <a 'java/lang/InterruptedException': sleep interrupted> (0x00000000d72f53d0) thrown at [C:\jenkins\workspace\8-2-build-windows-amd64-cygwin\jdk8u301\1513\hotspot\src\share\vm\prims\jvm.cpp, line 3357]
Event: 98.938 Thread 0x0000023c1a0f6800 Exception <a 'java/lang/InterruptedException': sleep interrupted> (0x00000000d72f5650) thrown at [C:\jenkins\workspace\8-2-build-windows-amd64-cygwin\jdk8u301\1513\hotspot\src\share\vm\prims\jvm.cpp, line 3357]

Events (10 events):
Event: 98.003 Thread 0x0000023c1a0f1800 DEOPT UNPACKING pc=0x0000023c00045843 sp=0x000000d0946fe968 mode 2
Event: 98.239 Thread 0x0000023c1a0f1800 Uncommon trap: trap_request=0xffffff65 fr.pc=0x0000023c0261a224
Event: 98.239 Thread 0x0000023c1a0f1800 DEOPT PACKING pc=0x0000023c0261a224 sp=0x000000d0946fed00
Event: 98.239 Thread 0x0000023c1a0f1800 DEOPT UNPACKING pc=0x0000023c00045843 sp=0x000000d0946feb18 mode 2
Event: 98.876 Thread 0x0000023c7b3ca800 Uncommon trap: trap_request=0xffffff65 fr.pc=0x0000023c02679350
Event: 98.876 Thread 0x0000023c7b3ca800 DEOPT PACKING pc=0x0000023c02679350 sp=0x000000d0948fd5c0
Event: 98.876 Thread 0x0000023c7b3ca800 DEOPT UNPACKING pc=0x0000023c00045843 sp=0x000000d0948fd4c0 mode 2
Event: 98.876 Thread 0x0000023c7b3ca800 Uncommon trap: trap_request=0xffffff65 fr.pc=0x0000023c024a14d0
Event: 98.876 Thread 0x0000023c7b3ca800 DEOPT PACKING pc=0x0000023c024a14d0 sp=0x000000d0948fd450
Event: 98.876 Thread 0x0000023c7b3ca800 DEOPT UNPACKING pc=0x0000023c00045843 sp=0x000000d0948fd408 mode 2


Dynamic libraries:
0x00007ff6e1c80000 - 0x00007ff6e1cc7000 	C:\Program Files\Java\jdk1.8.0_301\bin\java.exe
0x00007ff91a250000 - 0x00007ff91a43d000 	C:\Windows\SYSTEM32\ntdll.dll
0x00007ff9179b0000 - 0x00007ff917a64000 	C:\Windows\System32\KERNEL32.DLL
0x00007ff916560000 - 0x00007ff9167f4000 	C:\Windows\System32\KERNELBASE.dll
0x00007ff919a70000 - 0x00007ff919b17000 	C:\Windows\System32\ADVAPI32.dll
0x00007ff9193b0000 - 0x00007ff91944e000 	C:\Windows\System32\msvcrt.dll
0x00007ff91a000000 - 0x00007ff91a09f000 	C:\Windows\System32\sechost.dll
0x00007ff919770000 - 0x00007ff91988d000 	C:\Windows\System32\RPCRT4.dll
0x00007ff919210000 - 0x00007ff9193a7000 	C:\Windows\System32\USER32.dll
0x00007ff9164f0000 - 0x00007ff916510000 	C:\Windows\System32\win32u.dll
0x00007ff917480000 - 0x00007ff9174a9000 	C:\Windows\System32\GDI32.dll
0x00007ff9162f0000 - 0x00007ff91648c000 	C:\Windows\System32\gdi32full.dll
0x00007ff916b60000 - 0x00007ff916c00000 	C:\Windows\System32\msvcp_win.dll
0x00007ff917380000 - 0x00007ff91747a000 	C:\Windows\System32\ucrtbase.dll
0x00007ff8fa5b0000 - 0x00007ff8fa829000 	C:\Windows\WinSxS\amd64_microsoft.windows.common-controls_6595b64144ccf1df_6.0.17763.2452_none_de72b7b25349edd3\COMCTL32.dll
0x00007ff9174b0000 - 0x00007ff9177dd000 	C:\Windows\System32\combase.dll
0x00007ff916a00000 - 0x00007ff916a82000 	C:\Windows\System32\bcryptPrimitives.dll
0x00007ff919450000 - 0x00007ff91947e000 	C:\Windows\System32\IMM32.DLL
0x00007ff90e520000 - 0x00007ff90e535000 	C:\Program Files\Java\jdk1.8.0_301\jre\bin\vcruntime140.dll
0x00007ff90e150000 - 0x00007ff90e1eb000 	C:\Program Files\Java\jdk1.8.0_301\jre\bin\msvcp140.dll
0x0000000062640000 - 0x0000000062ea0000 	C:\Program Files\Java\jdk1.8.0_301\jre\bin\server\jvm.dll
0x00007ff919750000 - 0x00007ff919758000 	C:\Windows\System32\PSAPI.DLL
0x00007ff8ef3b0000 - 0x00007ff8ef3b9000 	C:\Windows\SYSTEM32\WSOCK32.dll
0x00007ff913de0000 - 0x00007ff913e04000 	C:\Windows\SYSTEM32\WINMM.dll
0x00007ff919890000 - 0x00007ff9198fd000 	C:\Windows\System32\WS2_32.dll
0x00007ff913db0000 - 0x00007ff913ddd000 	C:\Windows\SYSTEM32\winmmbase.dll
0x00007ff916510000 - 0x00007ff91655a000 	C:\Windows\System32\cfgmgr32.dll
0x00007ff90b5d0000 - 0x00007ff90b5da000 	C:\Windows\SYSTEM32\VERSION.dll
0x00007ff916240000 - 0x00007ff916251000 	C:\Windows\System32\kernel.appcore.dll
0x00007ff911cd0000 - 0x00007ff911ce0000 	C:\Program Files\Java\jdk1.8.0_301\jre\bin\verify.dll
0x00007ff90e2b0000 - 0x00007ff90e2db000 	C:\Program Files\Java\jdk1.8.0_301\jre\bin\java.dll
0x00007ff908630000 - 0x00007ff908660000 	C:\Program Files\Java\jdk1.8.0_301\jre\bin\instrument.dll
0x00007ff90e290000 - 0x00007ff90e2a8000 	C:\Program Files\Java\jdk1.8.0_301\jre\bin\zip.dll
0x00007ff917a70000 - 0x00007ff918f69000 	C:\Windows\System32\SHELL32.dll
0x00007ff91a0a0000 - 0x00007ff91a148000 	C:\Windows\System32\shcore.dll
0x00007ff916c30000 - 0x00007ff91737b000 	C:\Windows\System32\windows.storage.dll
0x00007ff9162c0000 - 0x00007ff9162e4000 	C:\Windows\System32\profapi.dll
0x00007ff916260000 - 0x00007ff9162bd000 	C:\Windows\System32\powrprof.dll
0x00007ff9177f0000 - 0x00007ff917842000 	C:\Windows\System32\shlwapi.dll
0x00007ff916b40000 - 0x00007ff916b57000 	C:\Windows\System32\cryptsp.dll
0x00007ff90e1f0000 - 0x00007ff90e20a000 	C:\Program Files\JetBrains\IntelliJ IDEA Community Edition 2021.2.3\bin\breakgen64.dll
0x00007ff90e130000 - 0x00007ff90e14c000 	C:\Program Files\Java\jdk1.8.0_301\jre\bin\net.dll
0x00007ff915a70000 - 0x00007ff915ad7000 	C:\Windows\system32\mswsock.dll
0x00007ff90e280000 - 0x00007ff90e28d000 	C:\Program Files\Java\jdk1.8.0_301\jre\bin\management.dll
0x00007ff903f20000 - 0x00007ff903f36000 	C:\Windows\system32\napinsp.dll
0x00007ff903f50000 - 0x00007ff903f6a000 	C:\Windows\system32\pnrpnsp.dll
0x00007ff915810000 - 0x00007ff9158d6000 	C:\Windows\SYSTEM32\DNSAPI.dll
0x00007ff9177e0000 - 0x00007ff9177e8000 	C:\Windows\System32\NSI.dll
0x00007ff915780000 - 0x00007ff9157bd000 	C:\Windows\SYSTEM32\IPHLPAPI.DLL
0x00007ff907420000 - 0x00007ff90742e000 	C:\Windows\System32\winrnr.dll
0x00007ff912a50000 - 0x00007ff912a6b000 	C:\Windows\system32\NLAapi.dll
0x00007ff9021e0000 - 0x00007ff9021f5000 	C:\Windows\system32\wshbth.dll
0x00007ff90be30000 - 0x00007ff90be3a000 	C:\Windows\System32\rasadhlp.dll
0x00007ff90c470000 - 0x00007ff90c4e9000 	C:\Windows\System32\fwpuclnt.dll
0x00007ff916c00000 - 0x00007ff916c26000 	C:\Windows\System32\bcrypt.dll
0x00007ff908660000 - 0x00007ff908673000 	C:\Program Files\Java\jdk1.8.0_301\jre\bin\nio.dll
0x00007ff915590000 - 0x00007ff9155c3000 	C:\Windows\system32\rsaenh.dll
0x00007ff916150000 - 0x00007ff916179000 	C:\Windows\SYSTEM32\USERENV.dll
0x00007ff915c40000 - 0x00007ff915c4c000 	C:\Windows\SYSTEM32\CRYPTBASE.dll
0x00007ff90cb00000 - 0x00007ff90cb16000 	C:\Windows\SYSTEM32\dhcpcsvc6.DLL
0x00007ff90cae0000 - 0x00007ff90cafc000 	C:\Windows\SYSTEM32\dhcpcsvc.DLL
0x00007ff904180000 - 0x00007ff9041c2000 	C:\Users\Tymur\AppData\Local\Temp\jna-81288965\jna4578641341813861904.dll
0x0000000180000000 - 0x0000000180053000 	C:\Users\Tymur\.gradle\caches\minecraft\net\minecraft\natives\1.12.2\lwjgl64.dll
0x00007ff8f8200000 - 0x00007ff8f8327000 	C:\Windows\SYSTEM32\OPENGL32.dll
0x00007ff8ff680000 - 0x00007ff8ff6ac000 	C:\Windows\SYSTEM32\GLU32.dll
0x00007ff8fb1e0000 - 0x00007ff8fb375000 	C:\Program Files\Java\jdk1.8.0_301\jre\bin\awt.dll
0x00007ff91a150000 - 0x00007ff91a214000 	C:\Windows\System32\OLEAUT32.dll
0x00007ff914450000 - 0x00007ff9144dc000 	C:\Windows\SYSTEM32\apphelp.dll
0x00007ff9145f0000 - 0x00007ff91468c000 	C:\Windows\system32\uxtheme.dll
0x00007ff9190a0000 - 0x00007ff91920b000 	C:\Windows\System32\MSCTF.dll
0x00007ff8e2e80000 - 0x00007ff8e39c6000 	C:\Windows\SYSTEM32\ig75icd64.dll
0x00007ff90ef40000 - 0x00007ff90f980000 	C:\Windows\SYSTEM32\igdusc64.dll
0x00007ff912da0000 - 0x00007ff912db3000 	C:\Windows\SYSTEM32\WTSAPI32.dll
0x00007ff914880000 - 0x00007ff9148ae000 	C:\Windows\SYSTEM32\dwmapi.dll
0x00007ff916800000 - 0x00007ff9169f5000 	C:\Windows\System32\CRYPT32.dll
0x00007ff916220000 - 0x00007ff916232000 	C:\Windows\System32\MSASN1.dll
0x00007ff906660000 - 0x00007ff9066f3000 	C:\Windows\System32\TextInputFramework.dll
0x00007ff9112d0000 - 0x00007ff9115f2000 	C:\Windows\System32\CoreUIComponents.dll
0x00007ff914170000 - 0x00007ff914251000 	C:\Windows\System32\CoreMessaging.dll
0x00007ff915250000 - 0x00007ff915281000 	C:\Windows\SYSTEM32\ntmarta.dll
0x00007ff912230000 - 0x00007ff912381000 	C:\Windows\SYSTEM32\wintypes.dll
0x00007ff8f6840000 - 0x00007ff8f68ed000 	C:\Windows\SYSTEM32\mscms.dll
0x00007ff8ff6f0000 - 0x00007ff8ff700000 	C:\Windows\SYSTEM32\ColorAdapterClient.dll
0x00007ff8d38d0000 - 0x00007ff8d3913000 	C:\Windows\SYSTEM32\icm32.dll
0x00007ff914f00000 - 0x00007ff914fc2000 	C:\Windows\SYSTEM32\dxgi.dll
0x00007ff912e80000 - 0x00007ff9130fe000 	C:\Windows\SYSTEM32\d3d11.dll
0x00007ff9100e0000 - 0x00007ff910fab000 	C:\Windows\SYSTEM32\igd10iumd64.dll
0x00007ff915d40000 - 0x00007ff915d66000 	C:\Windows\SYSTEM32\ncrypt.dll
0x00007ff915d00000 - 0x00007ff915d3c000 	C:\Windows\SYSTEM32\NTASN1.dll
0x00007ff901be0000 - 0x00007ff901c22000 	C:\Users\Tymur\AppData\Local\Temp\jna-81288965\jna4798619871819257991.dll
0x00007ff9085f0000 - 0x00007ff908614000 	C:\Program Files\Java\jdk1.8.0_301\jre\bin\sunec.dll
0x00007ff90e260000 - 0x00007ff90e26d000 	C:\Program Files\Java\jdk1.8.0_301\jre\bin\sunmscapi.dll
0x0000023c179d0000 - 0x0000023c17a34000 	C:\Users\Tymur\.gradle\caches\minecraft\net\minecraft\natives\1.12.2\OpenAL64.dll
0x00007ff917850000 - 0x00007ff9179a6000 	C:\Windows\System32\ole32.dll
0x00007ff9199c0000 - 0x00007ff919a62000 	C:\Windows\System32\clbcatq.dll
0x00007ff90ec20000 - 0x00007ff90ec90000 	C:\Windows\System32\MMDevApi.dll
0x00007ff912bc0000 - 0x00007ff912d69000 	C:\Windows\System32\PROPSYS.dll
0x00007ff916030000 - 0x00007ff916059000 	C:\Windows\System32\DEVOBJ.dll
0x00007ff8bd370000 - 0x00007ff8bd406000 	C:\Windows\SYSTEM32\dsound.dll
0x00007ff8fc900000 - 0x00007ff8fca4a000 	C:\Windows\SYSTEM32\AUDIOSES.DLL
0x00007ff911cc0000 - 0x00007ff911cca000 	C:\Windows\SYSTEM32\AVRT.dll
0x00007ff914b70000 - 0x00007ff914b84000 	C:\Windows\SYSTEM32\resourcepolicyclient.dll
0x00007ff8fa850000 - 0x00007ff8fa8ec000 	C:\KAMI-master\lava_hack\build\resources\main\win32-x86-64\discord-rpc.dll
0x00007ff8fbb30000 - 0x00007ff8fbb79000 	C:\Program Files\Java\jdk1.8.0_301\jre\bin\fontmanager.dll
0x00007ff8fa530000 - 0x00007ff8fa573000 	C:\Program Files\Java\jdk1.8.0_301\jre\bin\t2k.dll
0x00007ff906840000 - 0x00007ff90685a000 	C:\Users\Tymur\.gradle\caches\minecraft\net\minecraft\natives\1.12.2\SAPIWrapper_x64.dll
0x00007ff909e20000 - 0x00007ff90a00d000 	C:\Windows\SYSTEM32\dbghelp.dll

VM Arguments:
jvm_args: -javaagent:C:\Program Files\JetBrains\IntelliJ IDEA Community Edition 2021.2.3\lib\idea_rt.jar=59028:C:\Program Files\JetBrains\IntelliJ IDEA Community Edition 2021.2.3\bin -Dfile.encoding=UTF-8 
java_command: GradleStart
java_class_path (initial): C:\Program Files\Java\jdk1.8.0_301\jre\lib\charsets.jar;C:\Program Files\Java\jdk1.8.0_301\jre\lib\deploy.jar;C:\Program Files\Java\jdk1.8.0_301\jre\lib\ext\access-bridge-64.jar;C:\Program Files\Java\jdk1.8.0_301\jre\lib\ext\cldrdata.jar;C:\Program Files\Java\jdk1.8.0_301\jre\lib\ext\dnsns.jar;C:\Program Files\Java\jdk1.8.0_301\jre\lib\ext\jaccess.jar;C:\Program Files\Java\jdk1.8.0_301\jre\lib\ext\jfxrt.jar;C:\Program Files\Java\jdk1.8.0_301\jre\lib\ext\localedata.jar;C:\Program Files\Java\jdk1.8.0_301\jre\lib\ext\nashorn.jar;C:\Program Files\Java\jdk1.8.0_301\jre\lib\ext\sunec.jar;C:\Program Files\Java\jdk1.8.0_301\jre\lib\ext\sunjce_provider.jar;C:\Program Files\Java\jdk1.8.0_301\jre\lib\ext\sunmscapi.jar;C:\Program Files\Java\jdk1.8.0_301\jre\lib\ext\sunpkcs11.jar;C:\Program Files\Java\jdk1.8.0_301\jre\lib\ext\zipfs.jar;C:\Program Files\Java\jdk1.8.0_301\jre\lib\javaws.jar;C:\Program Files\Java\jdk1.8.0_301\jre\lib\jce.jar;C:\Program Files\Java\jdk1.8.0_301\jre\lib\jfr.jar;C:\Program Files\Java\jdk1.8.0_301\jre\lib\jfxswt.jar;C:\Program Files\Java\jdk1.8.0_301\jre\lib\jsse.jar;C:\Program Files\Java\jdk1.8.0_301\jre\lib\management-agent.jar;C:\Program Files\Java\jdk1.8.0_301\jre\lib\plugin.jar;C:\Program Files\Java\jdk1.8.0_301\jre\lib\resources.jar;C:\Program Files\Java\jdk1.8.0_301\jre\lib\rt.jar;C:\KAMI-master\lava_hack\build\classes\java\main;C:\KAMI-master\lava_hack\build\resources\main;C:\Users\Tymur\.gradle\caches\minecraft\deobfedDeps\compileDummy.jar;C:\Users\Tymur\.gradle\caches\minecraft\deobfedDeps\providedDummy.jar;C:\Users\Tymur\.gradle\caches\modules-2\files-2.1\org.spongepowered\mixin\0.7.4-SNAPSHOT\d22c5b223b3ff950cd165446dbc88afb162a8b6e\mixin-0.7.4-SNAPSHOT.jar;C:\Users\Tymur\.gradle\caches\modules-2\files-2.1\com.lukflug\panelstudio\0.1.8\b5ba0dfcb4199c80aa7011be3c840d5cf940e1be\panelstudio-0.1.8.jar;C:\Users\Tymur\.gradle\caches\modules-2\files-2.1\com.lukflug\panelstudio-mc12\0.1.8\885c76b26e7b2d320a895978da957fb5
Launcher Type: SUN_STANDARD

Environment Variables:
JAVA_HOME=C:\Program Files\Java\jdk1.8.0_301
PATH=C:\Program Files (x86)\Common Files\Oracle\Java\javapath;C:\Windows\system32;C:\Windows;C:\Windows\System32\Wbem;C:\Windows\System32\WindowsPowerShell\v1.0\;C:\Windows\System32\OpenSSH\;C:\Program Files\Java\jdk1.8.0_301\bin;C:\Program Files (x86)\apache-maven-3.8.2\bin;C:\Program Files\Git\cmd;C:\Users\Tymur\AppData\Local\Microsoft\WindowsApps;C:\Users\Tymur\AppData\Local\GitHubDesktop\bin
USERNAME=Tymur
OS=Windows_NT
PROCESSOR_IDENTIFIER=Intel64 Family 6 Model 60 Stepping 3, GenuineIntel



---------------  S Y S T E M  ---------------

OS: Windows 10.0 , 64 bit Build 17763 (10.0.17763.2452)

CPU:total 4 (initial active 4) (4 cores per cpu, 1 threads per core) family 6 model 60 stepping 3, cmov, cx8, fxsr, mmx, sse, sse2, sse3, ssse3, sse4.1, sse4.2, popcnt, avx, avx2, aes, clmul, erms, lzcnt, tsc, tscinvbit, bmi1, bmi2

Memory: 4k page, physical 8187068k(1425000k free), swap 40955068k(5892k free)

vm_info: Java HotSpot(TM) 64-Bit Server VM (25.301-b09) for windows-amd64 JRE (1.8.0_301-b09), built on Jun  9 2021 06:46:21 by "java_re" with MS VC++ 15.9 (VS2017)

time: Fri Jan 28 19:07:42 2022
timezone: ??onaeeinueee ?an (ceia)
elapsed time: 98.994551 seconds (0d 0h 1m 38s)

