#
# There is insufficient memory for the Java Runtime Environment to continue.
# Native memory allocation (malloc) failed to allocate 782016 bytes for Chunk::new
# Possible reasons:
#   The system is out of physical RAM or swap space
#   The process is running with CompressedOops enabled, and the Java Heap may be blocking the growth of the native heap
# Possible solutions:
#   Reduce memory load on the system
#   Increase physical memory or swap space
#   Check if swap backing store is full
#   Decrease Java heap size (-Xmx/-Xms)
#   Decrease number of Java threads
#   Decrease Java thread stack sizes (-Xss)
#   Set larger code cache with -XX:ReservedCodeCacheSize=
#   JVM is running with Unscaled Compressed Oops mode in which the Java heap is
#     placed in the first 4GB address space. The Java Heap base address is the
#     maximum limit for the native heap growth. Please use -XX:HeapBaseMinAddress
#     to set the Java Heap base and to place the Java Heap above 4GB virtual address.
# This output file may be truncated or incomplete.
#
#  Out of Memory Error (allocation.cpp:389), pid=7868, tid=0x0000000000000834
#
# JRE version: Java(TM) SE Runtime Environment (8.0_301-b09) (build 1.8.0_301-b09)
# Java VM: Java HotSpot(TM) 64-Bit Server VM (25.301-b09 mixed mode windows-amd64 compressed oops)
# Failed to write core dump. Minidumps are not enabled by default on client versions of Windows
#

---------------  T H R E A D  ---------------

Current thread (0x000002064f5b6800):  JavaThread "C2 CompilerThread1" daemon [_thread_in_native, id=2100, stack(0x0000004d6ca00000,0x0000004d6cb00000)]

Stack: [0x0000004d6ca00000,0x0000004d6cb00000]
Native frames: (J=compiled Java code, j=interpreted, Vv=VM code, C=native code)
V  [jvm.dll+0x32ed79]
V  [jvm.dll+0x275722]
V  [jvm.dll+0x2763cd]
V  [jvm.dll+0x26ce05]
V  [jvm.dll+0xd551c]
V  [jvm.dll+0xd5d1c]
V  [jvm.dll+0x452c72]
V  [jvm.dll+0x48dcdd]
V  [jvm.dll+0x442c71]
V  [jvm.dll+0x43fee4]
V  [jvm.dll+0x42ae57]
V  [jvm.dll+0xac1bb]
V  [jvm.dll+0xaa81b]
V  [jvm.dll+0x23ddc2]
V  [jvm.dll+0x2923dc]
C  [ucrtbase.dll+0x2268a]
C  [KERNEL32.DLL+0x17974]
C  [ntdll.dll+0x5a2f1]


Current CompileTask:
C2:  63312 11429       4       net.minecraft.world.gen.layer.GenLayerShore::getInts (1004 bytes)


---------------  P R O C E S S  ---------------

Java Threads: ( => current thread )
  0x0000020652475800 JavaThread "Client Shutdown Thread" [_thread_blocked, id=5068, stack(0x0000004d6f300000,0x0000004d6f400000)]
  0x0000020652478000 JavaThread "Thread-2" [_thread_blocked, id=6036, stack(0x0000004d6f200000,0x0000004d6f300000)]
  0x0000020653a7e000 JavaThread "Thread-0" [_thread_blocked, id=8436, stack(0x0000004d6f100000,0x0000004d6f200000)]
  0x0000020653a7d000 JavaThread "Thread-8" daemon [_thread_blocked, id=1708, stack(0x0000004d6f000000,0x0000004d6f100000)]
  0x0000020653a7c800 JavaThread "Thread-7" [_thread_in_vm, id=4696, stack(0x0000004d6ef00000,0x0000004d6f000000)]
  0x0000020653a81800 JavaThread "pool-1-thread-1" [_thread_blocked, id=11292, stack(0x0000004d6ee00000,0x0000004d6ef00000)]
  0x0000020653a81000 JavaThread "Chunk Batcher 3" daemon [_thread_blocked, id=11612, stack(0x0000004d6ed00000,0x0000004d6ee00000)]
  0x0000020653a7e800 JavaThread "Chunk Batcher 2" daemon [_thread_blocked, id=9336, stack(0x0000004d6ec00000,0x0000004d6ed00000)]
  0x0000020653a82800 JavaThread "Chunk Batcher 1" daemon [_thread_blocked, id=11628, stack(0x0000004d6eb00000,0x0000004d6ec00000)]
  0x0000020653a7f800 JavaThread "Chunk Batcher 0" daemon [_thread_blocked, id=10464, stack(0x0000004d6ea00000,0x0000004d6eb00000)]
  0x0000020653a80000 JavaThread "Chunk I/O Executor Thread-1" daemon [_thread_blocked, id=7204, stack(0x0000004d6e900000,0x0000004d6ea00000)]
  0x0000020653a77000 JavaThread "Timer-1" daemon [_thread_blocked, id=11804, stack(0x0000004d6e800000,0x0000004d6e900000)]
  0x0000020653a79800 JavaThread "Keep-Alive-Timer" daemon [_thread_blocked, id=11112, stack(0x0000004d6e700000,0x0000004d6e800000)]
  0x0000020653a7b800 JavaThread "Netty Server IO #1" daemon [_thread_in_native, id=11888, stack(0x0000004d6e600000,0x0000004d6e700000)]
  0x0000020653a78800 JavaThread "Netty Local Client IO #0" daemon [_thread_blocked, id=7392, stack(0x0000004d6e500000,0x0000004d6e600000)]
  0x0000020653a75000 JavaThread "Netty Server IO #0" daemon [_thread_in_native, id=8260, stack(0x0000004d6e400000,0x0000004d6e500000)]
  0x0000020653a78000 JavaThread "File IO Thread" [_thread_blocked, id=6096, stack(0x0000004d6bc00000,0x0000004d6bd00000)]
  0x0000020653a76800 JavaThread "Server thread" [_thread_blocked, id=10228, stack(0x0000004d6e200000,0x0000004d6e300000)]
  0x0000020653a7a000 JavaThread "Snooper Timer" daemon [_thread_blocked, id=5248, stack(0x0000004d6e100000,0x0000004d6e200000)]
  0x0000020653a7b000 JavaThread "Narrator" daemon [_thread_blocked, id=12012, stack(0x0000004d6d600000,0x0000004d6d700000)]
  0x0000020653a75800 JavaThread "Timer-0" [_thread_blocked, id=7484, stack(0x0000004d6db00000,0x0000004d6dc00000)]
  0x0000020652479800 JavaThread "AWT-Windows" daemon [_thread_in_native, id=9492, stack(0x0000004d6e000000,0x0000004d6e100000)]
  0x0000020652476800 JavaThread "Thread-6" [_thread_blocked, id=3084, stack(0x0000004d6dd00000,0x0000004d6de00000)]
  0x0000020652474000 JavaThread "Thread-5" [_thread_blocked, id=8460, stack(0x0000004d6dc00000,0x0000004d6dd00000)]
  0x000002064fe09000 JavaThread "LWJGL Timer" daemon [_thread_blocked, id=11880, stack(0x0000004d6d700000,0x0000004d6d800000)]
  0x0000020650519000 JavaThread "Java2D Disposer" daemon [_thread_blocked, id=2168, stack(0x0000004d6d000000,0x0000004d6d100000)]
  0x0000020650c11000 JavaThread "Timer hack thread" daemon [_thread_blocked, id=11852, stack(0x0000004d6cf00000,0x0000004d6d000000)]
  0x000002065234a000 JavaThread "Snooper Timer" daemon [_thread_blocked, id=10808, stack(0x0000004d6ce00000,0x0000004d6cf00000)]
  0x000002064f70c000 JavaThread "Service Thread" daemon [_thread_blocked, id=7352, stack(0x0000004d6cc00000,0x0000004d6cd00000)]
  0x000002064f5c9000 JavaThread "C1 CompilerThread2" daemon [_thread_blocked, id=7912, stack(0x0000004d6cb00000,0x0000004d6cc00000)]
=>0x000002064f5b6800 JavaThread "C2 CompilerThread1" daemon [_thread_in_native, id=2100, stack(0x0000004d6ca00000,0x0000004d6cb00000)]
  0x000002064f5b4800 JavaThread "C2 CompilerThread0" daemon [_thread_in_native, id=11012, stack(0x0000004d6c900000,0x0000004d6ca00000)]
  0x000002064f5b3000 JavaThread "Monitor Ctrl-Break" daemon [_thread_in_native, id=4768, stack(0x0000004d6c800000,0x0000004d6c900000)]
  0x000002064e0a2000 JavaThread "Attach Listener" daemon [_thread_blocked, id=10128, stack(0x0000004d6c700000,0x0000004d6c800000)]
  0x000002064e0a1800 JavaThread "Signal Dispatcher" daemon [_thread_blocked, id=3856, stack(0x0000004d6c600000,0x0000004d6c700000)]
  0x000002064e078800 JavaThread "Finalizer" daemon [_thread_blocked, id=11768, stack(0x0000004d6c500000,0x0000004d6c600000)]
  0x000002064e071000 JavaThread "Reference Handler" daemon [_thread_blocked, id=5600, stack(0x0000004d6c400000,0x0000004d6c500000)]
  0x0000020637ff9800 JavaThread "Client thread" [_thread_blocked, id=4640, stack(0x0000004d6be00000,0x0000004d6bf00000)]

Other Threads:
  0x000002064e045800 VMThread [stack: 0x0000004d6c300000,0x0000004d6c400000] [id=68]
  0x000002064f762000 WatcherThread [stack: 0x0000004d6cd00000,0x0000004d6ce00000] [id=12092]

VM state:synchronizing (normal execution)

VM Mutex/Monitor currently owned by a thread:  ([mutex/lock_event])
[0x0000020637ff61e0] Threads_lock - owner thread: 0x000002064e045800

OutOfMemory and StackOverflow Exception counts:
OutOfMemoryError java_heap_errors=1

heap address: 0x0000000083000000, size: 2000 MB, Compressed Oops mode: 32-bit
Narrow klass base: 0x0000000000000000, Narrow klass shift: 3
Compressed class space size: 1073741824 Address: 0x0000000100000000

Heap:
 PSYoungGen      total 585216K, used 34791K [0x00000000d6580000, 0x0000000100000000, 0x0000000100000000)
  eden space 485888K, 7% used [0x00000000d6580000,0x00000000d8779d58,0x00000000f4000000)
  from space 99328K, 0% used [0x00000000f9f00000,0x00000000f9f00000,0x0000000100000000)
  to   space 97280K, 0% used [0x00000000f4000000,0x00000000f4000000,0x00000000f9f00000)
 ParOldGen       total 314368K, used 251599K [0x0000000083000000, 0x0000000096300000, 0x00000000d6580000)
  object space 314368K, 80% used [0x0000000083000000,0x00000000925b3f88,0x0000000096300000)
 Metaspace       used 64267K, capacity 65575K, committed 65920K, reserved 1105920K
  class space    used 8204K, capacity 8509K, committed 8576K, reserved 1048576K

Card table byte_map: [0x0000020648d90000,0x0000020649180000] byte_map_base: 0x0000020648978000

Marking Bits: (ParMarkBitMap*) 0x00000000525d7fe0
 Begin Bits: [0x0000020649420000, 0x000002064b360000)
 End Bits:   [0x000002064b360000, 0x000002064d2a0000)

Polling page: 0x00000206381c0000

CodeCache: size=245760Kb used=30809Kb max_used=30992Kb free=214950Kb
 bounds [0x00000206399d0000, 0x000002063b850000, 0x00000206489d0000]
 total_blobs=9647 nmethods=8621 adapters=934
 compilation: enabled

Compilation events (10 events):
Event: 62.631 Thread 0x000002064f5c9000 11557   !   3       net.minecraft.network.NetworkManager::channelRead0 (27 bytes)
Event: 62.631 Thread 0x000002064f5b4800 11476       4       net.minecraft.util.EnumFacing::getFrontOffsetY (22 bytes)
Event: 62.631 Thread 0x000002064f5c9000 nmethod 11557 0x000002063a2f4810 code [0x000002063a2f49a0, 0x000002063a2f4d00]
Event: 62.631 Thread 0x000002064f5c9000 11558       3       net.minecraft.network.NetworkManager::channelRead0 (10 bytes)
Event: 62.632 Thread 0x000002064f5b4800 nmethod 11476 0x000002063a55abd0 code [0x000002063a55ad00, 0x000002063a55ad78]
Event: 62.632 Thread 0x000002064f5b4800 11560       4       it.unimi.dsi.fastutil.longs.Long2ObjectOpenHashMap::get (119 bytes)
Event: 62.633 Thread 0x000002064f5b4800 nmethod 11560 0x000002063b473d50 code [0x000002063b473ea0, 0x000002063b474098]
Event: 62.633 Thread 0x000002064f5b4800 11559       4       net.minecraft.world.gen.ChunkProviderServer::loadChunk (244 bytes)
Event: 62.971 Thread 0x000002064f5b4800 nmethod 11559 0x000002063b3d7650 code [0x000002063b3d7820, 0x000002063b3d7fb0]
Event: 62.971 Thread 0x000002064f5b4800 11573       4       net.minecraft.world.gen.layer.GenLayerBiomeEdge::getInts (718 bytes)

GC Heap History (10 events):
Event: 60.970 GC heap before
{Heap before GC invocations=32 (full 6):
 PSYoungGen      total 587264K, used 494592K [0x00000000d6580000, 0x0000000100000000, 0x0000000100000000)
  eden space 494592K, 100% used [0x00000000d6580000,0x00000000f4880000,0x00000000f4880000)
  from space 92672K, 0% used [0x00000000f4880000,0x00000000f4880000,0x00000000fa300000)
  to   space 91648K, 0% used [0x00000000fa680000,0x00000000fa680000,0x0000000100000000)
 ParOldGen       total 314368K, used 206090K [0x0000000083000000, 0x0000000096300000, 0x00000000d6580000)
  object space 314368K, 65% used [0x0000000083000000,0x000000008f942b20,0x0000000096300000)
 Metaspace       used 62346K, capacity 63579K, committed 63872K, reserved 1105920K
  class space    used 8003K, capacity 8301K, committed 8320K, reserved 1048576K
Event: 61.003 GC heap after
Heap after GC invocations=32 (full 6):
 PSYoungGen      total 581632K, used 57855K [0x00000000d6580000, 0x0000000100000000, 0x0000000100000000)
  eden space 489984K, 0% used [0x00000000d6580000,0x00000000d6580000,0x00000000f4400000)
  from space 91648K, 63% used [0x00000000fa680000,0x00000000fdeffc48,0x0000000100000000)
  to   space 96256K, 0% used [0x00000000f4400000,0x00000000f4400000,0x00000000fa200000)
 ParOldGen       total 314368K, used 206098K [0x0000000083000000, 0x0000000096300000, 0x00000000d6580000)
  object space 314368K, 65% used [0x0000000083000000,0x000000008f944b20,0x0000000096300000)
 Metaspace       used 62346K, capacity 63579K, committed 63872K, reserved 1105920K
  class space    used 8003K, capacity 8301K, committed 8320K, reserved 1048576K
}
Event: 62.340 GC heap before
{Heap before GC invocations=33 (full 6):
 PSYoungGen      total 581632K, used 166584K [0x00000000d6580000, 0x0000000100000000, 0x0000000100000000)
  eden space 489984K, 22% used [0x00000000d6580000,0x00000000dcfae420,0x00000000f4400000)
  from space 91648K, 63% used [0x00000000fa680000,0x00000000fdeffc48,0x0000000100000000)
  to   space 96256K, 0% used [0x00000000f4400000,0x00000000f4400000,0x00000000fa200000)
 ParOldGen       total 314368K, used 206098K [0x0000000083000000, 0x0000000096300000, 0x00000000d6580000)
  object space 314368K, 65% used [0x0000000083000000,0x000000008f944b20,0x0000000096300000)
 Metaspace       used 64048K, capacity 65307K, committed 65664K, reserved 1105920K
  class space    used 8196K, capacity 8507K, committed 8576K, reserved 1048576K
Event: 62.356 GC heap after
Heap after GC invocations=33 (full 6):
 PSYoungGen      total 546816K, used 56520K [0x00000000d6580000, 0x0000000100000000, 0x0000000100000000)
  eden space 489984K, 0% used [0x00000000d6580000,0x00000000d6580000,0x00000000f4400000)
  from space 56832K, 99% used [0x00000000f4400000,0x00000000f7b32388,0x00000000f7b80000)
  to   space 99328K, 0% used [0x00000000f9f00000,0x00000000f9f00000,0x0000000100000000)
 ParOldGen       total 314368K, used 206106K [0x0000000083000000, 0x0000000096300000, 0x00000000d6580000)
  object space 314368K, 65% used [0x0000000083000000,0x000000008f946b20,0x0000000096300000)
 Metaspace       used 64048K, capacity 65307K, committed 65664K, reserved 1105920K
  class space    used 8196K, capacity 8507K, committed 8576K, reserved 1048576K
}
Event: 62.356 GC heap before
{Heap before GC invocations=34 (full 7):
 PSYoungGen      total 546816K, used 56520K [0x00000000d6580000, 0x0000000100000000, 0x0000000100000000)
  eden space 489984K, 0% used [0x00000000d6580000,0x00000000d6580000,0x00000000f4400000)
  from space 56832K, 99% used [0x00000000f4400000,0x00000000f7b32388,0x00000000f7b80000)
  to   space 99328K, 0% used [0x00000000f9f00000,0x00000000f9f00000,0x0000000100000000)
 ParOldGen       total 314368K, used 206106K [0x0000000083000000, 0x0000000096300000, 0x00000000d6580000)
  object space 314368K, 65% used [0x0000000083000000,0x000000008f946b20,0x0000000096300000)
 Metaspace       used 64048K, capacity 65307K, committed 65664K, reserved 1105920K
  class space    used 8196K, capacity 8507K, committed 8576K, reserved 1048576K
Event: 62.584 GC heap after
Heap after GC invocations=34 (full 7):
 PSYoungGen      total 546816K, used 0K [0x00000000d6580000, 0x0000000100000000, 0x0000000100000000)
  eden space 489984K, 0% used [0x00000000d6580000,0x00000000d6580000,0x00000000f4400000)
  from space 56832K, 0% used [0x00000000f4400000,0x00000000f4400000,0x00000000f7b80000)
  to   space 99328K, 0% used [0x00000000f9f00000,0x00000000f9f00000,0x0000000100000000)
 ParOldGen       total 314368K, used 246270K [0x0000000083000000, 0x0000000096300000, 0x00000000d6580000)
  object space 314368K, 78% used [0x0000000083000000,0x000000009207f838,0x0000000096300000)
 Metaspace       used 64048K, capacity 65307K, committed 65664K, reserved 1105920K
  class space    used 8196K, capacity 8507K, committed 8576K, reserved 1048576K
}
Event: 62.635 GC heap before
{Heap before GC invocations=35 (full 7):
 PSYoungGen      total 546816K, used 21046K [0x00000000d6580000, 0x0000000100000000, 0x0000000100000000)
  eden space 489984K, 4% used [0x00000000d6580000,0x00000000d7a0d828,0x00000000f4400000)
  from space 56832K, 0% used [0x00000000f4400000,0x00000000f4400000,0x00000000f7b80000)
  to   space 99328K, 0% used [0x00000000f9f00000,0x00000000f9f00000,0x0000000100000000)
 ParOldGen       total 314368K, used 246270K [0x0000000083000000, 0x0000000096300000, 0x00000000d6580000)
  object space 314368K, 78% used [0x0000000083000000,0x000000009207f838,0x0000000096300000)
 Metaspace       used 64156K, capacity 65435K, committed 65664K, reserved 1105920K
  class space    used 8202K, capacity 8507K, committed 8576K, reserved 1048576K
Event: 62.638 GC heap after
Heap after GC invocations=35 (full 7):
 PSYoungGen      total 585216K, used 6697K [0x00000000d6580000, 0x0000000100000000, 0x0000000100000000)
  eden space 485888K, 0% used [0x00000000d6580000,0x00000000d6580000,0x00000000f4000000)
  from space 99328K, 6% used [0x00000000f9f00000,0x00000000fa58a5c0,0x0000000100000000)
  to   space 97280K, 0% used [0x00000000f4000000,0x00000000f4000000,0x00000000f9f00000)
 ParOldGen       total 314368K, used 246278K [0x0000000083000000, 0x0000000096300000, 0x00000000d6580000)
  object space 314368K, 78% used [0x0000000083000000,0x0000000092081838,0x0000000096300000)
 Metaspace       used 64156K, capacity 65435K, committed 65664K, reserved 1105920K
  class space    used 8202K, capacity 8507K, committed 8576K, reserved 1048576K
}
Event: 62.638 GC heap before
{Heap before GC invocations=36 (full 8):
 PSYoungGen      total 585216K, used 6697K [0x00000000d6580000, 0x0000000100000000, 0x0000000100000000)
  eden space 485888K, 0% used [0x00000000d6580000,0x00000000d6580000,0x00000000f4000000)
  from space 99328K, 6% used [0x00000000f9f00000,0x00000000fa58a5c0,0x0000000100000000)
  to   space 97280K, 0% used [0x00000000f4000000,0x00000000f4000000,0x00000000f9f00000)
 ParOldGen       total 314368K, used 246278K [0x0000000083000000, 0x0000000096300000, 0x00000000d6580000)
  object space 314368K, 78% used [0x0000000083000000,0x0000000092081838,0x0000000096300000)
 Metaspace       used 64156K, capacity 65435K, committed 65664K, reserved 1105920K
  class space    used 8202K, capacity 8507K, committed 8576K, reserved 1048576K
Event: 62.965 GC heap after
Heap after GC invocations=36 (full 8):
 PSYoungGen      total 585216K, used 0K [0x00000000d6580000, 0x0000000100000000, 0x0000000100000000)
  eden space 485888K, 0% used [0x00000000d6580000,0x00000000d6580000,0x00000000f4000000)
  from space 99328K, 0% used [0x00000000f9f00000,0x00000000f9f00000,0x0000000100000000)
  to   space 97280K, 0% used [0x00000000f4000000,0x00000000f4000000,0x00000000f9f00000)
 ParOldGen       total 314368K, used 251599K [0x0000000083000000, 0x0000000096300000, 0x00000000d6580000)
  object space 314368K, 80% used [0x0000000083000000,0x00000000925b3f88,0x0000000096300000)
 Metaspace       used 64156K, capacity 65435K, committed 65664K, reserved 1105920K
  class space    used 8202K, capacity 8507K, committed 8576K, reserved 1048576K
}

Deoptimization events (10 events):
Event: 62.330 Thread 0x0000020653a76800 Uncommon trap: reason=class_check action=maybe_recompile pc=0x000002063b595350 method=net.minecraft.util.WeightedRandom.getTotalWeight(Ljava/util/List;)I @ 23
Event: 62.330 Thread 0x0000020653a76800 Uncommon trap: reason=class_check action=maybe_recompile pc=0x000002063b5a19a4 method=net.minecraft.util.WeightedRandom.getRandomItem(Ljava/util/List;I)Lnet/minecraft/util/WeightedRandom$Item; @ 21
Event: 62.330 Thread 0x0000020653a76800 Uncommon trap: reason=bimorphic action=maybe_recompile pc=0x000002063b69453c method=net.minecraft.world.border.WorldBorder.contains(Lnet/minecraft/util/math/BlockPos;)Z @ 1
Event: 62.330 Thread 0x0000020653a76800 Uncommon trap: reason=bimorphic action=maybe_recompile pc=0x000002063b7afb14 method=net.minecraft.util.math.BlockPos.offset(Lnet/minecraft/util/EnumFacing;I)Lnet/minecraft/util/math/BlockPos; @ 13
Event: 62.330 Thread 0x0000020653a76800 Uncommon trap: reason=class_check action=maybe_recompile pc=0x000002063b595350 method=net.minecraft.util.WeightedRandom.getTotalWeight(Ljava/util/List;)I @ 23
Event: 62.330 Thread 0x0000020653a76800 Uncommon trap: reason=class_check action=maybe_recompile pc=0x000002063b5a19a4 method=net.minecraft.util.WeightedRandom.getRandomItem(Ljava/util/List;I)Lnet/minecraft/util/WeightedRandom$Item; @ 21
Event: 62.330 Thread 0x0000020653a76800 Uncommon trap: reason=bimorphic action=maybe_recompile pc=0x000002063b69453c method=net.minecraft.world.border.WorldBorder.contains(Lnet/minecraft/util/math/BlockPos;)Z @ 1
Event: 62.330 Thread 0x0000020653a76800 Uncommon trap: reason=bimorphic action=maybe_recompile pc=0x000002063b7afb14 method=net.minecraft.util.math.BlockPos.offset(Lnet/minecraft/util/EnumFacing;I)Lnet/minecraft/util/math/BlockPos; @ 13
Event: 62.338 Thread 0x0000020637ff9800 Uncommon trap: reason=unstable_if action=reinterpret pc=0x000002063a022644 method=java.util.Formatter$FormatSpecifier.checkGeneral()V @ 6
Event: 62.626 Thread 0x0000020653a76800 Uncommon trap: reason=class_check action=maybe_recompile pc=0x0000020639f231b0 method=java.util.HashSet.contains(Ljava/lang/Object;)Z @ 5

Classes redefined (0 events):
No events

Internal exceptions (10 events):
Event: 58.480 Thread 0x0000020653a76800 Exception <a 'sun/nio/fs/WindowsException'> (0x00000000e1fb0ad0) thrown at [C:\jenkins\workspace\8-2-build-windows-amd64-cygwin\jdk8u301\1513\hotspot\src\share\vm\prims\jni.cpp, line 710]
Event: 60.559 Thread 0x0000020653a76800 Implicit null exception at 0x000002063b67e0a1 to 0x000002063b67eb5d
Event: 60.559 Thread 0x0000020653a76800 Implicit null exception at 0x000002063b670b80 to 0x000002063b671109
Event: 62.285 Thread 0x0000020637ff9800 Exception <a 'java/lang/OutOfMemoryError'> (0x00000000db346f08) thrown at [C:\jenkins\workspace\8-2-build-windows-amd64-cygwin\jdk8u301\1513\hotspot\src\share\vm\prims\unsafe.cpp, line 618]
Event: 62.286 Thread 0x0000020637ff9800 Exception <a 'java/lang/NullPointerException'> (0x00000000db386c00) thrown at [C:\jenkins\workspace\8-2-build-windows-amd64-cygwin\jdk8u301\1513\hotspot\src\share\vm\interpreter\linkResolver.cpp, line 1185]
Event: 62.296 Thread 0x0000020653a7c800 Implicit null exception at 0x000002063a7dc557 to 0x000002063a7dc74d
Event: 62.296 Thread 0x0000020637ff9800 Exception <a 'java/lang/NullPointerException'> (0x00000000db41b1e8) thrown at [C:\jenkins\workspace\8-2-build-windows-amd64-cygwin\jdk8u301\1513\hotspot\src\share\vm\interpreter\linkResolver.cpp, line 1185]
Event: 62.297 Thread 0x0000020637ff9800 Exception <a 'java/lang/NullPointerException'> (0x00000000db44c700) thrown at [C:\jenkins\workspace\8-2-build-windows-amd64-cygwin\jdk8u301\1513\hotspot\src\share\vm\interpreter\linkResolver.cpp, line 1185]
Event: 62.339 Thread 0x0000020637ff9800 Exception <a 'java/lang/NullPointerException'> (0x00000000db557818) thrown at [C:\jenkins\workspace\8-2-build-windows-amd64-cygwin\jdk8u301\1513\hotspot\src\share\vm\interpreter\linkResolver.cpp, line 1185]
Event: 62.634 Thread 0x0000020653a76800 Exception <a 'java/lang/NullPointerException'> (0x00000000d6ffa0a0) thrown at [C:\jenkins\workspace\8-2-build-windows-amd64-cygwin\jdk8u301\1513\hotspot\src\share\vm\interpreter\linkResolver.cpp, line 1185]

Events (10 events):
Event: 62.626 Thread 0x0000020653a76800 DEOPT PACKING pc=0x0000020639f231b0 sp=0x0000004d6e2feb50
Event: 62.627 Thread 0x0000020653a76800 DEOPT UNPACKING pc=0x0000020639a15843 sp=0x0000004d6e2feb00 mode 2
Event: 62.633 loading class java/util/IdentityHashMap$1
Event: 62.633 loading class java/util/IdentityHashMap$1 done
Event: 62.634 Executing VM operation: ParallelGCSystemGC
Event: 62.965 Executing VM operation: ParallelGCSystemGC done
Event: 62.966 loading class java/lang/Throwable$WrappedPrintWriter
Event: 62.966 loading class java/lang/Throwable$WrappedPrintWriter done
Event: 62.966 Thread 0x0000020653a76800 DEOPT PACKING pc=0x000002063b436a8b sp=0x0000004d6e2fde70
Event: 62.966 Thread 0x0000020653a76800 DEOPT UNPACKING pc=0x0000020639a17898 sp=0x0000004d6e2fdc40 mode 0


Dynamic libraries:
0x00007ff742dd0000 - 0x00007ff742e17000 	C:\Program Files\Java\jdk1.8.0_301\bin\java.exe
0x00007ffe0f720000 - 0x00007ffe0f90d000 	C:\Windows\SYSTEM32\ntdll.dll
0x00007ffe0cb70000 - 0x00007ffe0cc24000 	C:\Windows\System32\KERNEL32.DLL
0x00007ffe0bb90000 - 0x00007ffe0be24000 	C:\Windows\System32\KERNELBASE.dll
0x00007ffe0dbf0000 - 0x00007ffe0dc94000 	C:\Windows\System32\ADVAPI32.dll
0x00007ffe0f650000 - 0x00007ffe0f6ee000 	C:\Windows\System32\msvcrt.dll
0x00007ffe0db30000 - 0x00007ffe0dbce000 	C:\Windows\System32\sechost.dll
0x00007ffe0d060000 - 0x00007ffe0d17f000 	C:\Windows\System32\RPCRT4.dll
0x00007ffe0ce50000 - 0x00007ffe0cfe7000 	C:\Windows\System32\USER32.dll
0x00007ffe0b7f0000 - 0x00007ffe0b810000 	C:\Windows\System32\win32u.dll
0x00007ffe0f4c0000 - 0x00007ffe0f4e9000 	C:\Windows\System32\GDI32.dll
0x00007ffe0b810000 - 0x00007ffe0b9ac000 	C:\Windows\System32\gdi32full.dll
0x00007ffe0b9b0000 - 0x00007ffe0ba50000 	C:\Windows\System32\msvcp_win.dll
0x00007ffe0c600000 - 0x00007ffe0c6fa000 	C:\Windows\System32\ucrtbase.dll
0x00007ffdf6440000 - 0x00007ffdf66b9000 	C:\Windows\WinSxS\amd64_microsoft.windows.common-controls_6595b64144ccf1df_6.0.17763.2366_none_de735d0053496d5d\COMCTL32.dll
0x00007ffe0d180000 - 0x00007ffe0d4ad000 	C:\Windows\System32\combase.dll
0x00007ffe0ba50000 - 0x00007ffe0bad2000 	C:\Windows\System32\bcryptPrimitives.dll
0x00007ffe0cc30000 - 0x00007ffe0cc5e000 	C:\Windows\System32\IMM32.DLL
0x00007ffde6eb0000 - 0x00007ffde6ec5000 	C:\Program Files\Java\jdk1.8.0_301\jre\bin\vcruntime140.dll
0x00007ffde6e10000 - 0x00007ffde6eab000 	C:\Program Files\Java\jdk1.8.0_301\jre\bin\msvcp140.dll
0x0000000051df0000 - 0x0000000052650000 	C:\Program Files\Java\jdk1.8.0_301\jre\bin\server\jvm.dll
0x00007ffe0d050000 - 0x00007ffe0d058000 	C:\Windows\System32\PSAPI.DLL
0x00007ffe02690000 - 0x00007ffe02699000 	C:\Windows\SYSTEM32\WSOCK32.dll
0x00007ffe0dca0000 - 0x00007ffe0dd0d000 	C:\Windows\System32\WS2_32.dll
0x00007ffe092c0000 - 0x00007ffe092e4000 	C:\Windows\SYSTEM32\WINMM.dll
0x00007ffdfdf30000 - 0x00007ffdfdf3a000 	C:\Windows\SYSTEM32\VERSION.dll
0x00007ffe09290000 - 0x00007ffe092bd000 	C:\Windows\SYSTEM32\WINMMBASE.dll
0x00007ffe0c900000 - 0x00007ffe0c94a000 	C:\Windows\System32\cfgmgr32.dll
0x00007ffe0b780000 - 0x00007ffe0b791000 	C:\Windows\System32\kernel.appcore.dll
0x00007ffe071a0000 - 0x00007ffe071b0000 	C:\Program Files\Java\jdk1.8.0_301\jre\bin\verify.dll
0x00007ffde6de0000 - 0x00007ffde6e0b000 	C:\Program Files\Java\jdk1.8.0_301\jre\bin\java.dll
0x00007ffde6d90000 - 0x00007ffde6dc0000 	C:\Program Files\Java\jdk1.8.0_301\jre\bin\instrument.dll
0x00007ffde6dc0000 - 0x00007ffde6dd8000 	C:\Program Files\Java\jdk1.8.0_301\jre\bin\zip.dll
0x00007ffe0ddc0000 - 0x00007ffe0f2b9000 	C:\Windows\System32\SHELL32.dll
0x00007ffe0da80000 - 0x00007ffe0db28000 	C:\Windows\System32\shcore.dll
0x00007ffe0be90000 - 0x00007ffe0c5da000 	C:\Windows\System32\windows.storage.dll
0x00007ffe0b750000 - 0x00007ffe0b774000 	C:\Windows\System32\profapi.dll
0x00007ffe0b6f0000 - 0x00007ffe0b74d000 	C:\Windows\System32\powrprof.dll
0x00007ffe0cff0000 - 0x00007ffe0d042000 	C:\Windows\System32\shlwapi.dll
0x00007ffe0c5e0000 - 0x00007ffe0c5f7000 	C:\Windows\System32\cryptsp.dll
0x00007ffde6d30000 - 0x00007ffde6d4a000 	C:\Program Files\JetBrains\IntelliJ IDEA Community Edition 2021.2.3\bin\breakgen64.dll
0x00007ffde6d70000 - 0x00007ffde6d8c000 	C:\Program Files\Java\jdk1.8.0_301\jre\bin\net.dll
0x00007ffe0aee0000 - 0x00007ffe0af47000 	C:\Windows\system32\mswsock.dll
0x00007ffdfac10000 - 0x00007ffdfac1d000 	C:\Program Files\Java\jdk1.8.0_301\jre\bin\management.dll
0x00007ffdfa830000 - 0x00007ffdfa846000 	C:\Windows\system32\napinsp.dll
0x00007ffdf93e0000 - 0x00007ffdf93fa000 	C:\Windows\system32\pnrpnsp.dll
0x00007ffe0ac40000 - 0x00007ffe0ad06000 	C:\Windows\SYSTEM32\DNSAPI.dll
0x00007ffe0cb00000 - 0x00007ffe0cb08000 	C:\Windows\System32\NSI.dll
0x00007ffe0ac00000 - 0x00007ffe0ac3d000 	C:\Windows\SYSTEM32\IPHLPAPI.DLL
0x00007ffdfa820000 - 0x00007ffdfa82e000 	C:\Windows\System32\winrnr.dll
0x00007ffe08110000 - 0x00007ffe0812b000 	C:\Windows\system32\NLAapi.dll
0x00007ffdf9020000 - 0x00007ffdf9035000 	C:\Windows\system32\wshbth.dll
0x00007ffe015c0000 - 0x00007ffe015ca000 	C:\Windows\System32\rasadhlp.dll
0x00007ffe01a80000 - 0x00007ffe01af9000 	C:\Windows\System32\fwpuclnt.dll
0x00007ffe0b7c0000 - 0x00007ffe0b7e6000 	C:\Windows\System32\bcrypt.dll
0x00007ffde6d50000 - 0x00007ffde6d63000 	C:\Program Files\Java\jdk1.8.0_301\jre\bin\nio.dll
0x00007ffe0aa70000 - 0x00007ffe0aaa3000 	C:\Windows\system32\rsaenh.dll
0x00007ffe0b620000 - 0x00007ffe0b649000 	C:\Windows\SYSTEM32\USERENV.dll
0x00007ffe0b0b0000 - 0x00007ffe0b0bc000 	C:\Windows\SYSTEM32\CRYPTBASE.dll
0x00007ffe03860000 - 0x00007ffe03876000 	C:\Windows\SYSTEM32\dhcpcsvc6.DLL
0x00007ffe03ae0000 - 0x00007ffe03afc000 	C:\Windows\SYSTEM32\dhcpcsvc.DLL
0x00007ffdbdd00000 - 0x00007ffdbdd42000 	C:\Users\Tymur\AppData\Local\Temp\jna-81288965\jna8647115188895946148.dll
0x0000000180000000 - 0x0000000180053000 	C:\Users\Tymur\.gradle\caches\minecraft\net\minecraft\natives\1.12.2\lwjgl64.dll
0x00007ffde97c0000 - 0x00007ffde98e7000 	C:\Windows\SYSTEM32\OPENGL32.dll
0x00007ffde9750000 - 0x00007ffde977c000 	C:\Windows\SYSTEM32\GLU32.dll
0x00007ffdaa390000 - 0x00007ffdaa525000 	C:\Program Files\Java\jdk1.8.0_301\jre\bin\awt.dll
0x00007ffe0f3f0000 - 0x00007ffe0f4b4000 	C:\Windows\System32\OLEAUT32.dll
0x00007ffe09930000 - 0x00007ffe099bc000 	C:\Windows\SYSTEM32\apphelp.dll
0x00007ffe09ad0000 - 0x00007ffe09b6c000 	C:\Windows\system32\uxtheme.dll
0x00007ffe0cce0000 - 0x00007ffe0ce4b000 	C:\Windows\System32\MSCTF.dll
0x00007ffdcd110000 - 0x00007ffdcdc56000 	C:\Windows\SYSTEM32\ig75icd64.dll
0x00007ffe08130000 - 0x00007ffe08143000 	C:\Windows\SYSTEM32\WTSAPI32.dll
0x00007ffe09d60000 - 0x00007ffe09d8e000 	C:\Windows\SYSTEM32\dwmapi.dll
0x00007ffe0c700000 - 0x00007ffe0c8f5000 	C:\Windows\System32\CRYPT32.dll
0x00007ffe053f0000 - 0x00007ffe05e30000 	C:\Windows\SYSTEM32\igdusc64.dll
0x00007ffe0b7a0000 - 0x00007ffe0b7b2000 	C:\Windows\System32\MSASN1.dll
0x00007ffe00cc0000 - 0x00007ffe00d53000 	C:\Windows\System32\TextInputFramework.dll
0x00007ffe093c0000 - 0x00007ffe094a1000 	C:\Windows\System32\CoreMessaging.dll
0x00007ffe06b60000 - 0x00007ffe06e82000 	C:\Windows\System32\CoreUIComponents.dll
0x00007ffe0a730000 - 0x00007ffe0a761000 	C:\Windows\SYSTEM32\ntmarta.dll
0x00007ffe07710000 - 0x00007ffe07861000 	C:\Windows\SYSTEM32\wintypes.dll
0x00007ffde8920000 - 0x00007ffde89cd000 	C:\Windows\SYSTEM32\mscms.dll
0x00007ffdf3b80000 - 0x00007ffdf3b90000 	C:\Windows\SYSTEM32\ColorAdapterClient.dll
0x00007ffdf5f70000 - 0x00007ffdf5fb3000 	C:\Windows\SYSTEM32\icm32.dll
0x00007ffe0a3e0000 - 0x00007ffe0a4a2000 	C:\Windows\SYSTEM32\dxgi.dll
0x00007ffe08420000 - 0x00007ffe0869e000 	C:\Windows\SYSTEM32\d3d11.dll
0x00007ffe041c0000 - 0x00007ffe0508b000 	C:\Windows\SYSTEM32\igd10iumd64.dll
0x00007ffe0b1b0000 - 0x00007ffe0b1d6000 	C:\Windows\SYSTEM32\ncrypt.dll
0x00007ffe0b170000 - 0x00007ffe0b1ac000 	C:\Windows\SYSTEM32\NTASN1.dll
0x00007ffdacef0000 - 0x00007ffdacf32000 	C:\Users\Tymur\AppData\Local\Temp\jna-81288965\jna4661118913161158478.dll
0x00007ffde6d00000 - 0x00007ffde6d24000 	C:\Program Files\Java\jdk1.8.0_301\jre\bin\sunec.dll
0x00007ffdf3730000 - 0x00007ffdf373d000 	C:\Program Files\Java\jdk1.8.0_301\jre\bin\sunmscapi.dll
0x0000020653070000 - 0x00000206530d4000 	C:\Users\Tymur\.gradle\caches\minecraft\net\minecraft\natives\1.12.2\OpenAL64.dll
0x00007ffe0f4f0000 - 0x00007ffe0f646000 	C:\Windows\System32\ole32.dll
0x00007ffe0dd10000 - 0x00007ffe0ddb2000 	C:\Windows\System32\clbcatq.dll
0x00007ffe05280000 - 0x00007ffe052f0000 	C:\Windows\System32\MMDevApi.dll
0x00007ffe0b4f0000 - 0x00007ffe0b519000 	C:\Windows\System32\DEVOBJ.dll
0x00007ffe07f20000 - 0x00007ffe080c9000 	C:\Windows\System32\PROPSYS.dll
0x00007ffde0e70000 - 0x00007ffde0f06000 	C:\Windows\SYSTEM32\dsound.dll
0x00007ffded3d0000 - 0x00007ffded51a000 	C:\Windows\SYSTEM32\AUDIOSES.DLL
0x00007ffe073d0000 - 0x00007ffe073da000 	C:\Windows\SYSTEM32\AVRT.dll
0x00007ffe0a080000 - 0x00007ffe0a094000 	C:\Windows\SYSTEM32\resourcepolicyclient.dll
0x00007ffdaa2f0000 - 0x00007ffdaa38c000 	C:\Users\Tymur\Documents\GitHub\lava_hack\bin\default\win32-x86-64\discord-rpc.dll
0x00007ffdac3c0000 - 0x00007ffdac409000 	C:\Program Files\Java\jdk1.8.0_301\jre\bin\fontmanager.dll
0x00007ffdaa2a0000 - 0x00007ffdaa2e3000 	C:\Program Files\Java\jdk1.8.0_301\jre\bin\t2k.dll
0x00007ffde1f50000 - 0x00007ffde1f6a000 	C:\Users\Tymur\.gradle\caches\minecraft\net\minecraft\natives\1.12.2\SAPIWrapper_x64.dll
0x00007ffdfca10000 - 0x00007ffdfcbfd000 	C:\Windows\SYSTEM32\dbghelp.dll

VM Arguments:
jvm_args: -javaagent:C:\Program Files\JetBrains\IntelliJ IDEA Community Edition 2021.2.3\lib\idea_rt.jar=60360:C:\Program Files\JetBrains\IntelliJ IDEA Community Edition 2021.2.3\bin -Dfile.encoding=UTF-8 
java_command: GradleStart -Dfml.coreMods.load=com.kisman.cc.mixin.KismanMixinLoader -DFORGE_FORCE_FRAME_RECALC=true
java_class_path (initial): C:\Users\Tymur\Documents\GitHub\lava_hack\bin\default;C:\Program Files\Java\jdk1.8.0_301\jre\lib\charsets.jar;C:\Program Files\Java\jdk1.8.0_301\jre\lib\deploy.jar;C:\Program Files\Java\jdk1.8.0_301\jre\lib\ext\access-bridge-64.jar;C:\Program Files\Java\jdk1.8.0_301\jre\lib\ext\cldrdata.jar;C:\Program Files\Java\jdk1.8.0_301\jre\lib\ext\dnsns.jar;C:\Program Files\Java\jdk1.8.0_301\jre\lib\ext\jaccess.jar;C:\Program Files\Java\jdk1.8.0_301\jre\lib\ext\jfxrt.jar;C:\Program Files\Java\jdk1.8.0_301\jre\lib\ext\localedata.jar;C:\Program Files\Java\jdk1.8.0_301\jre\lib\ext\nashorn.jar;C:\Program Files\Java\jdk1.8.0_301\jre\lib\ext\sunec.jar;C:\Program Files\Java\jdk1.8.0_301\jre\lib\ext\sunjce_provider.jar;C:\Program Files\Java\jdk1.8.0_301\jre\lib\ext\sunmscapi.jar;C:\Program Files\Java\jdk1.8.0_301\jre\lib\ext\sunpkcs11.jar;C:\Program Files\Java\jdk1.8.0_301\jre\lib\ext\zipfs.jar;C:\Program Files\Java\jdk1.8.0_301\jre\lib\javaws.jar;C:\Program Files\Java\jdk1.8.0_301\jre\lib\jce.jar;C:\Program Files\Java\jdk1.8.0_301\jre\lib\jfr.jar;C:\Program Files\Java\jdk1.8.0_301\jre\lib\jfxswt.jar;C:\Program Files\Java\jdk1.8.0_301\jre\lib\jsse.jar;C:\Program Files\Java\jdk1.8.0_301\jre\lib\management-agent.jar;C:\Program Files\Java\jdk1.8.0_301\jre\lib\plugin.jar;C:\Program Files\Java\jdk1.8.0_301\jre\lib\resources.jar;C:\Program Files\Java\jdk1.8.0_301\jre\lib\rt.jar;C:\Users\Tymur\.gradle\caches\modules-2\files-2.1\org.spongepowered\mixin\0.7.4-SNAPSHOT\d22c5b223b3ff950cd165446dbc88afb162a8b6e\mixin-0.7.4-SNAPSHOT.jar;C:\Users\Tymur\.gradle\caches\modules-2\files-2.1\com.lukflug\panelstudio\0.1.8\b5ba0dfcb4199c80aa7011be3c840d5cf940e1be\panelstudio-0.1.8.jar;C:\Users\Tymur\.gradle\caches\modules-2\files-2.1\com.lukflug\panelstudio-mc12\0.1.8\885c76b26e7b2d320a895978da957fb5de1517d9\panelstudio-mc12-0.1.8.jar;C:\Users\Tymur\.gradle\caches\modules-2\files-2.1\net.jodah\typetools\0.6.3\a01aaa6ddaea9ec07ec4f209487b7a46a526283a\typetools-0.6.3.jar;C:\User
Launcher Type: SUN_STANDARD

Environment Variables:
JAVA_HOME=C:\Program Files\Java\jdk1.8.0_301
PATH=C:\Program Files (x86)\Common Files\Oracle\Java\javapath;C:\Windows\system32;C:\Windows;C:\Windows\System32\Wbem;C:\Windows\System32\WindowsPowerShell\v1.0\;C:\Windows\System32\OpenSSH\;C:\Program Files\Java\jdk1.8.0_301\bin;C:\Program Files (x86)\apache-maven-3.8.2\bin;C:\Program Files\Git\cmd;C:\Users\Tymur\AppData\Local\Microsoft\WindowsApps;C:\Users\Tymur\AppData\Local\GitHubDesktop\bin
USERNAME=Tymur
OS=Windows_NT
PROCESSOR_IDENTIFIER=Intel64 Family 6 Model 60 Stepping 3, GenuineIntel



---------------  S Y S T E M  ---------------

OS: Windows 10.0 , 64 bit Build 17763 (10.0.17763.2300)

CPU:total 4 (initial active 4) (4 cores per cpu, 1 threads per core) family 6 model 60 stepping 3, cmov, cx8, fxsr, mmx, sse, sse2, sse3, ssse3, sse4.1, sse4.2, popcnt, avx, avx2, aes, clmul, erms, lzcnt, tsc, tscinvbit, bmi1, bmi2

Memory: 4k page, physical 8187068k(1654804k free), swap 40955068k(1020k free)

vm_info: Java HotSpot(TM) 64-Bit Server VM (25.301-b09) for windows-amd64 JRE (1.8.0_301-b09), built on Jun  9 2021 06:46:21 by "java_re" with MS VC++ 15.9 (VS2017)

time: Sun Jan  2 22:48:46 2022
timezone: ??onaeeinueee ?an (ceia)
elapsed time: 63.359783 seconds (0d 0h 1m 3s)

