#
# There is insufficient memory for the Java Runtime Environment to continue.
# Native memory allocation (malloc) failed to allocate 1218176 bytes for Chunk::new
# Possible reasons:
#   The system is out of physical RAM or swap space
#   The process is running with CompressedOops enabled, and the Java Heap may be blocking the growth of the native heap
# Possible solutions:
#   Reduce memory load on the system
#   Increase physical memory or swap space
#   Check if swap backing store is full
#   Decrease Java heap size (-Xmx/-Xms)
#   Decrease number of Java threads
#   Decrease Java thread stack sizes (-Xss)
#   Set larger code cache with -XX:ReservedCodeCacheSize=
#   JVM is running with Unscaled Compressed Oops mode in which the Java heap is
#     placed in the first 4GB address space. The Java Heap base address is the
#     maximum limit for the native heap growth. Please use -XX:HeapBaseMinAddress
#     to set the Java Heap base and to place the Java Heap above 4GB virtual address.
# This output file may be truncated or incomplete.
#
#  Out of Memory Error (allocation.cpp:389), pid=10644, tid=0x0000000000003028
#
# JRE version: Java(TM) SE Runtime Environment (8.0_301-b09) (build 1.8.0_301-b09)
# Java VM: Java HotSpot(TM) 64-Bit Server VM (25.301-b09 mixed mode windows-amd64 compressed oops)
# Failed to write core dump. Minidumps are not enabled by default on client versions of Windows
#

---------------  T H R E A D  ---------------

Current thread (0x000002017ce8c000):  JavaThread "C2 CompilerThread0" daemon [_thread_in_native, id=12328, stack(0x000000cd6bd00000,0x000000cd6be00000)]

Stack: [0x000000cd6bd00000,0x000000cd6be00000]
Native frames: (J=compiled Java code, j=interpreted, Vv=VM code, C=native code)
V  [jvm.dll+0x32ed79]
V  [jvm.dll+0x275722]
V  [jvm.dll+0x2763cd]
V  [jvm.dll+0x26ce05]
V  [jvm.dll+0xd551c]
V  [jvm.dll+0xd5d1c]
V  [jvm.dll+0x452c72]
V  [jvm.dll+0x48dcdd]
V  [jvm.dll+0x442c71]
V  [jvm.dll+0x43fee4]
V  [jvm.dll+0x42ae57]
V  [jvm.dll+0xac1bb]
V  [jvm.dll+0xaa81b]
V  [jvm.dll+0x23ddc2]
V  [jvm.dll+0x2923dc]
C  [ucrtbase.dll+0x2268a]
C  [KERNEL32.DLL+0x17974]
C  [ntdll.dll+0x5a2f1]


Current CompileTask:
C2:  43902 8607       4       net.minecraft.item.ItemStack::getTooltip (1919 bytes)


---------------  P R O C E S S  ---------------

Java Threads: ( => current thread )
  0x0000020102184800 JavaThread "Unknown thread" [_thread_blocked, id=7108, stack(0x000000cd6d600000,0x000000cd6d700000)]
  0x0000020102187800 JavaThread "Unknown thread" [_thread_blocked, id=3672, stack(0x000000cd6ca00000,0x000000cd6cb00000)]
  0x0000020102182800 
[error occurred during error reporting (printing all threads), id 0xc0000005]

VM state:at safepoint (normal execution)

VM Mutex/Monitor currently owned by a thread:  ([mutex/lock_event])
[0x0000020165868ac0] Threads_lock - owner thread: 0x000002017b8a2000
[0x0000020165869940] Heap_lock - owner thread: 0x000002016586b000

OutOfMemory and StackOverflow Exception counts:
OutOfMemoryError java_heap_errors=2

heap address: 0x0000000083000000, size: 2000 MB, Compressed Oops mode: 32-bit
Narrow klass base: 0x0000000000000000, Narrow klass shift: 3
Compressed class space size: 1073741824 Address: 0x0000000100000000

Heap:
 PSYoungGen      total 573440K, used 16862K [0x00000000d6580000, 0x00000000fd980000, 0x0000000100000000)
  eden space 503808K, 0% used [0x00000000d6580000,0x00000000d6580000,0x00000000f5180000)
  from space 69632K, 24% used [0x00000000f9580000,0x00000000fa5f79d0,0x00000000fd980000)
  to   space 69632K, 0% used [0x00000000f5180000,0x00000000f5180000,0x00000000f9580000)
 ParOldGen       total 314880K, used 192765K [0x0000000083000000, 0x0000000096380000, 0x00000000d6580000)
  object space 314880K, 61% used [0x0000000083000000,0x000000008ec3f6e8,0x0000000096380000)
 Metaspace       used 56252K, capacity 57361K, committed 57516K, reserved 1099776K
  class space    used 7340K, capacity 7589K, committed 7596K, reserved 1048576K

Card table byte_map: [0x00000201765f0000,0x00000201769e0000] byte_map_base: 0x00000201761d8000

Marking Bits: (ParMarkBitMap*) 0x0000000062e27fe0
 Begin Bits: [0x0000020176c80000, 0x0000020178bc0000)
 End Bits:   [0x0000020178bc0000, 0x000002017ab00000)

Polling page: 0x0000020165970000

CodeCache: size=245760Kb used=22601Kb max_used=22706Kb free=223158Kb
 bounds [0x0000020167230000, 0x0000020168880000, 0x0000020176230000]
 total_blobs=7491 nmethods=6578 adapters=823
 compilation: enabled

Compilation events (10 events):
Event: 43.197 Thread 0x000002017ce8d800 nmethod 8633 0x0000020168088cd0 code [0x0000020168088e00, 0x0000020168088e78]
Event: 43.197 Thread 0x000002017ce8d800 8643       4       java.util.stream.AbstractPipeline::wrapAndCopyInto (18 bytes)
Event: 43.208 Thread 0x000002017ce8d800 nmethod 8643 0x0000020168648690 code [0x0000020168648840, 0x00000201686490b8]
Event: 43.208 Thread 0x000002017ce8d800 8644       4       java.util.stream.AbstractPipeline::copyInto (53 bytes)
Event: 43.218 Thread 0x000002017ce8d800 nmethod 8644 0x0000020168647150 code [0x00000201686472e0, 0x0000020168647a18]
Event: 43.218 Thread 0x000002017ce8d800 8636       4       java.util.stream.ReferencePipeline$2$1::accept (27 bytes)
Event: 43.219 Thread 0x000002017ce8d800 nmethod 8636 0x000002016808ded0 code [0x000002016808e020, 0x000002016808e0d8]
Event: 43.219 Thread 0x000002017ce8d800 8650       4       net.minecraft.client.util.SuffixArray$$Lambda$117/2019197766::swap (18 bytes)
Event: 43.220 Thread 0x000002017ce8d800 nmethod 8650 0x000002016808d8d0 code [0x000002016808da20, 0x000002016808dc18]
Event: 43.237 Thread 0x000002017ce8d800 8656       4       java.io.WinNTFileSystem::canonicalize (372 bytes)

GC Heap History (10 events):
Event: 27.451 GC heap before
{Heap before GC invocations=23 (full 3):
 PSYoungGen      total 385536K, used 385528K [0x00000000d6580000, 0x00000000f2f80000, 0x0000000100000000)
  eden space 360960K, 100% used [0x00000000d6580000,0x00000000ec600000,0x00000000ec600000)
  from space 24576K, 99% used [0x00000000ec600000,0x00000000eddfe2c8,0x00000000ede00000)
  to   space 36352K, 0% used [0x00000000f0c00000,0x00000000f0c00000,0x00000000f2f80000)
 ParOldGen       total 162304K, used 99011K [0x0000000083000000, 0x000000008ce80000, 0x00000000d6580000)
  object space 162304K, 61% used [0x0000000083000000,0x00000000890b0e38,0x000000008ce80000)
 Metaspace       used 46614K, capacity 47167K, committed 47660K, reserved 1091584K
  class space    used 6184K, capacity 6368K, committed 6444K, reserved 1048576K
Event: 27.469 GC heap after
Heap after GC invocations=23 (full 3):
 PSYoungGen      total 434688K, used 12352K [0x00000000d6580000, 0x00000000f3b00000, 0x0000000100000000)
  eden space 398336K, 0% used [0x00000000d6580000,0x00000000d6580000,0x00000000eea80000)
  from space 36352K, 33% used [0x00000000f0c00000,0x00000000f18103d8,0x00000000f2f80000)
  to   space 34304K, 0% used [0x00000000eea80000,0x00000000eea80000,0x00000000f0c00000)
 ParOldGen       total 162304K, used 109334K [0x0000000083000000, 0x000000008ce80000, 0x00000000d6580000)
  object space 162304K, 67% used [0x0000000083000000,0x0000000089ac5918,0x000000008ce80000)
 Metaspace       used 46614K, capacity 47167K, committed 47660K, reserved 1091584K
  class space    used 6184K, capacity 6368K, committed 6444K, reserved 1048576K
}
Event: 31.557 GC heap before
{Heap before GC invocations=24 (full 3):
 PSYoungGen      total 434688K, used 410688K [0x00000000d6580000, 0x00000000f3b00000, 0x0000000100000000)
  eden space 398336K, 100% used [0x00000000d6580000,0x00000000eea80000,0x00000000eea80000)
  from space 36352K, 33% used [0x00000000f0c00000,0x00000000f18103d8,0x00000000f2f80000)
  to   space 34304K, 0% used [0x00000000eea80000,0x00000000eea80000,0x00000000f0c00000)
 ParOldGen       total 162304K, used 109334K [0x0000000083000000, 0x000000008ce80000, 0x00000000d6580000)
  object space 162304K, 67% used [0x0000000083000000,0x0000000089ac5918,0x000000008ce80000)
 Metaspace       used 47946K, capacity 48453K, committed 49068K, reserved 1091584K
  class space    used 6307K, capacity 6473K, committed 6572K, reserved 1048576K
Event: 31.573 GC heap after
Heap after GC invocations=24 (full 3):
 PSYoungGen      total 432640K, used 17863K [0x00000000d6580000, 0x00000000f5e80000, 0x0000000100000000)
  eden space 398336K, 0% used [0x00000000d6580000,0x00000000d6580000,0x00000000eea80000)
  from space 34304K, 52% used [0x00000000eea80000,0x00000000efbf1d70,0x00000000f0c00000)
  to   space 34304K, 0% used [0x00000000f3d00000,0x00000000f3d00000,0x00000000f5e80000)
 ParOldGen       total 162304K, used 109342K [0x0000000083000000, 0x000000008ce80000, 0x00000000d6580000)
  object space 162304K, 67% used [0x0000000083000000,0x0000000089ac7918,0x000000008ce80000)
 Metaspace       used 47946K, capacity 48453K, committed 49068K, reserved 1091584K
  class space    used 6307K, capacity 6473K, committed 6572K, reserved 1048576K
}
Event: 36.044 GC heap before
{Heap before GC invocations=25 (full 3):
 PSYoungGen      total 432640K, used 416199K [0x00000000d6580000, 0x00000000f5e80000, 0x0000000100000000)
  eden space 398336K, 100% used [0x00000000d6580000,0x00000000eea80000,0x00000000eea80000)
  from space 34304K, 52% used [0x00000000eea80000,0x00000000efbf1d70,0x00000000f0c00000)
  to   space 34304K, 0% used [0x00000000f3d00000,0x00000000f3d00000,0x00000000f5e80000)
 ParOldGen       total 162304K, used 109342K [0x0000000083000000, 0x000000008ce80000, 0x00000000d6580000)
  object space 162304K, 67% used [0x0000000083000000,0x0000000089ac7918,0x000000008ce80000)
 Metaspace       used 49716K, capacity 50317K, committed 50732K, reserved 1093632K
  class space    used 6474K, capacity 6639K, committed 6700K, reserved 1048576K
Event: 36.080 GC heap after
Heap after GC invocations=25 (full 3):
 PSYoungGen      total 474624K, used 34298K [0x00000000d6580000, 0x00000000f6d00000, 0x0000000100000000)
  eden space 440320K, 0% used [0x00000000d6580000,0x00000000d6580000,0x00000000f1380000)
  from space 34304K, 99% used [0x00000000f3d00000,0x00000000f5e7eb78,0x00000000f5e80000)
  to   space 42496K, 0% used [0x00000000f1380000,0x00000000f1380000,0x00000000f3d00000)
 ParOldGen       total 162304K, used 116560K [0x0000000083000000, 0x000000008ce80000, 0x00000000d6580000)
  object space 162304K, 71% used [0x0000000083000000,0x000000008a1d4330,0x000000008ce80000)
 Metaspace       used 49716K, capacity 50317K, committed 50732K, reserved 1093632K
  class space    used 6474K, capacity 6639K, committed 6700K, reserved 1048576K
}
Event: 40.304 GC heap before
{Heap before GC invocations=26 (full 3):
 PSYoungGen      total 474624K, used 474618K [0x00000000d6580000, 0x00000000f6d00000, 0x0000000100000000)
  eden space 440320K, 100% used [0x00000000d6580000,0x00000000f1380000,0x00000000f1380000)
  from space 34304K, 99% used [0x00000000f3d00000,0x00000000f5e7eb78,0x00000000f5e80000)
  to   space 42496K, 0% used [0x00000000f1380000,0x00000000f1380000,0x00000000f3d00000)
 ParOldGen       total 162304K, used 116560K [0x0000000083000000, 0x000000008ce80000, 0x00000000d6580000)
  object space 162304K, 71% used [0x0000000083000000,0x000000008a1d4330,0x000000008ce80000)
 Metaspace       used 54292K, capacity 55189K, committed 55596K, reserved 1097728K
  class space    used 7090K, capacity 7361K, committed 7468K, reserved 1048576K
Event: 40.372 GC heap after
Heap after GC invocations=26 (full 3):
 PSYoungGen      total 482816K, used 42474K [0x00000000d6580000, 0x00000000fdc80000, 0x0000000100000000)
  eden space 440320K, 0% used [0x00000000d6580000,0x00000000d6580000,0x00000000f1380000)
  from space 42496K, 99% used [0x00000000f1380000,0x00000000f3cfa838,0x00000000f3d00000)
  to   space 72704K, 0% used [0x00000000f9580000,0x00000000f9580000,0x00000000fdc80000)
 ParOldGen       total 180224K, used 179734K [0x0000000083000000, 0x000000008e000000, 0x00000000d6580000)
  object space 180224K, 99% used [0x0000000083000000,0x000000008df85b50,0x000000008e000000)
 Metaspace       used 54292K, capacity 55189K, committed 55596K, reserved 1097728K
  class space    used 7090K, capacity 7361K, committed 7468K, reserved 1048576K
}
Event: 40.372 GC heap before
{Heap before GC invocations=27 (full 4):
 PSYoungGen      total 482816K, used 42474K [0x00000000d6580000, 0x00000000fdc80000, 0x0000000100000000)
  eden space 440320K, 0% used [0x00000000d6580000,0x00000000d6580000,0x00000000f1380000)
  from space 42496K, 99% used [0x00000000f1380000,0x00000000f3cfa838,0x00000000f3d00000)
  to   space 72704K, 0% used [0x00000000f9580000,0x00000000f9580000,0x00000000fdc80000)
 ParOldGen       total 180224K, used 179734K [0x0000000083000000, 0x000000008e000000, 0x00000000d6580000)
  object space 180224K, 99% used [0x0000000083000000,0x000000008df85b50,0x000000008e000000)
 Metaspace       used 54292K, capacity 55189K, committed 55596K, reserved 1097728K
  class space    used 7090K, capacity 7361K, committed 7468K, reserved 1048576K
Event: 40.744 GC heap after
Heap after GC invocations=27 (full 4):
 PSYoungGen      total 482816K, used 12720K [0x00000000d6580000, 0x00000000fdc80000, 0x0000000100000000)
  eden space 440320K, 0% used [0x00000000d6580000,0x00000000d6580000,0x00000000f1380000)
  from space 42496K, 29% used [0x00000000f1380000,0x00000000f1fec108,0x00000000f3d00000)
  to   space 72704K, 0% used [0x00000000f9580000,0x00000000f9580000,0x00000000fdc80000)
 ParOldGen       total 314880K, used 180009K [0x0000000083000000, 0x0000000096380000, 0x00000000d6580000)
  object space 314880K, 57% used [0x0000000083000000,0x000000008dfca7a8,0x0000000096380000)
 Metaspace       used 54292K, capacity 55189K, committed 55596K, reserved 1097728K
  class space    used 7090K, capacity 7361K, committed 7468K, reserved 1048576K
}

Deoptimization events (10 events):
Event: 41.931 Thread 0x000002016586b000 Uncommon trap: reason=unstable_if action=reinterpret pc=0x0000020168278af8 method=sun.misc.FloatingDecimal.readJavaFormatString(Ljava/lang/String;)Lsun/misc/FloatingDecimal$ASCIIToBinaryConverter; @ 327
Event: 42.997 Thread 0x000002016586b000 Uncommon trap: reason=predicate action=maybe_recompile pc=0x0000020168618994 method=java.util.Arrays.fill([Ljava/lang/Object;Ljava/lang/Object;)V @ 10
Event: 43.095 Thread 0x000002016586b000 Uncommon trap: reason=unstable_if action=reinterpret pc=0x000002016874131c method=java.lang.Integer.compare(II)I @ 11
Event: 43.187 Thread 0x000002016586b000 Uncommon trap: reason=unstable_if action=reinterpret pc=0x0000020167c847f0 method=java.util.EnumMap.isValidKey(Ljava/lang/Object;)Z @ 16
Event: 43.187 Thread 0x000002016586b000 Uncommon trap: reason=unstable_if action=reinterpret pc=0x0000020167a438b4 method=java.util.EnumMap.isValidKey(Ljava/lang/Object;)Z @ 16
Event: 43.187 Thread 0x000002016586b000 Uncommon trap: reason=unstable_if action=reinterpret pc=0x000002016827c860 method=sun.misc.FloatingDecimal$ASCIIToBinaryBuffer.floatValue()F @ 65
Event: 43.308 Thread 0x000002016586b000 Uncommon trap: reason=unstable_if action=reinterpret pc=0x00000201685e784c method=net.minecraftforge.fml.common.eventhandler.EventBus.post(Lnet/minecraftforge/fml/common/eventhandler/Event;)Z @ 83
Event: 43.313 Thread 0x000002016586b000 Uncommon trap: reason=unstable_if action=reinterpret pc=0x00000201680ed2c0 method=net.minecraft.client.gui.FontRenderer.getCharWidth(C)I @ 13
Event: 43.313 Thread 0x000002016586b000 Uncommon trap: reason=unstable_if action=reinterpret pc=0x0000020167765cb4 method=net.minecraft.client.gui.FontRenderer.getCharWidth(C)I @ 13
Event: 43.434 Thread 0x000002016586b000 Uncommon trap: reason=unstable_if action=reinterpret pc=0x00000201682858a4 method=com.google.common.collect.ImmutableList.copyOf(Ljava/util/Collection;)Lcom/google/common/collect/ImmutableList; @ 4

Classes redefined (0 events):
No events

Internal exceptions (10 events):
Event: 41.428 Thread 0x000002016586b000 Exception <a 'java/lang/IllegalArgumentException': Wrong type at constant pool index> (0x00000000dc6e9dd0) thrown at [C:\jenkins\workspace\8-2-build-windows-amd64-cygwin\jdk8u301\1513\hotspot\src\share\vm\prims\jvm.cpp, line 2284]
Event: 41.431 Thread 0x000002016586b000 Exception <a 'java/lang/IllegalArgumentException': Wrong type at constant pool index> (0x00000000dc7bbd40) thrown at [C:\jenkins\workspace\8-2-build-windows-amd64-cygwin\jdk8u301\1513\hotspot\src\share\vm\prims\jvm.cpp, line 2284]
Event: 41.431 Thread 0x000002016586b000 Exception <a 'java/lang/IllegalArgumentException': Wrong type at constant pool index> (0x00000000dc7bc798) thrown at [C:\jenkins\workspace\8-2-build-windows-amd64-cygwin\jdk8u301\1513\hotspot\src\share\vm\prims\jvm.cpp, line 2284]
Event: 41.444 Thread 0x000002016586b000 Exception <a 'sun/nio/fs/WindowsException'> (0x00000000dc96edc0) thrown at [C:\jenkins\workspace\8-2-build-windows-amd64-cygwin\jdk8u301\1513\hotspot\src\share\vm\prims\jni.cpp, line 710]
Event: 41.445 Thread 0x000002016586b000 Exception <a 'sun/nio/fs/WindowsException'> (0x00000000dc96fcd8) thrown at [C:\jenkins\workspace\8-2-build-windows-amd64-cygwin\jdk8u301\1513\hotspot\src\share\vm\prims\jni.cpp, line 710]
Event: 41.461 Thread 0x000002016586b000 Exception <a 'sun/nio/fs/WindowsException'> (0x00000000dc970ba0) thrown at [C:\jenkins\workspace\8-2-build-windows-amd64-cygwin\jdk8u301\1513\hotspot\src\share\vm\prims\jni.cpp, line 710]
Event: 41.462 Thread 0x000002016586b000 Exception <a 'sun/nio/fs/WindowsException'> (0x00000000dc971a50) thrown at [C:\jenkins\workspace\8-2-build-windows-amd64-cygwin\jdk8u301\1513\hotspot\src\share\vm\prims\jni.cpp, line 710]
Event: 41.462 Thread 0x000002016586b000 Exception <a 'sun/nio/fs/WindowsException'> (0x00000000dc9729a0) thrown at [C:\jenkins\workspace\8-2-build-windows-amd64-cygwin\jdk8u301\1513\hotspot\src\share\vm\prims\jni.cpp, line 710]
Event: 41.462 Thread 0x000002016586b000 Exception <a 'sun/nio/fs/WindowsException'> (0x00000000dc973908) thrown at [C:\jenkins\workspace\8-2-build-windows-amd64-cygwin\jdk8u301\1513\hotspot\src\share\vm\prims\jni.cpp, line 710]
Event: 42.863 Thread 0x000002016586b000 Exception <a 'java/lang/NullPointerException'> (0x00000000dd0dd268) thrown at [C:\jenkins\workspace\8-2-build-windows-amd64-cygwin\jdk8u301\1513\hotspot\src\share\vm\interpreter\linkResolver.cpp, line 1185]

Events (10 events):
Event: 43.463 loading class com/mojang/realmsclient/exception/RealmsHttpException
Event: 43.463 loading class com/mojang/realmsclient/exception/RealmsHttpException done
Event: 43.464 loading class net/minecraft/client/renderer/debug/DebugRendererPathfinding
Event: 43.464 loading class net/minecraft/client/renderer/debug/DebugRendererPathfinding done
Event: 43.466 loading class com/mojang/realmsclient/exception/RetryCallException
Event: 43.466 loading class com/mojang/realmsclient/exception/RetryCallException done
Event: 43.467 loading class net/minecraft/client/renderer/debug/DebugRendererWater
Event: 43.467 loading class net/minecraft/client/renderer/debug/DebugRendererWater done
Event: 43.469 loading class com/mojang/realmsclient/client/RealmsClient$Environment
Event: 43.469 loading class com/mojang/realmsclient/client/RealmsClient$Environment done


Dynamic libraries:
0x00007ff6e1c80000 - 0x00007ff6e1cc7000 	C:\Program Files\Java\jdk1.8.0_301\bin\java.exe
0x00007ff91a250000 - 0x00007ff91a43d000 	C:\Windows\SYSTEM32\ntdll.dll
0x00007ff9179b0000 - 0x00007ff917a64000 	C:\Windows\System32\KERNEL32.DLL
0x00007ff916560000 - 0x00007ff9167f4000 	C:\Windows\System32\KERNELBASE.dll
0x00007ff919a70000 - 0x00007ff919b17000 	C:\Windows\System32\ADVAPI32.dll
0x00007ff9193b0000 - 0x00007ff91944e000 	C:\Windows\System32\msvcrt.dll
0x00007ff91a000000 - 0x00007ff91a09f000 	C:\Windows\System32\sechost.dll
0x00007ff919770000 - 0x00007ff91988d000 	C:\Windows\System32\RPCRT4.dll
0x00007ff919210000 - 0x00007ff9193a7000 	C:\Windows\System32\USER32.dll
0x00007ff9164f0000 - 0x00007ff916510000 	C:\Windows\System32\win32u.dll
0x00007ff917480000 - 0x00007ff9174a9000 	C:\Windows\System32\GDI32.dll
0x00007ff9162f0000 - 0x00007ff91648c000 	C:\Windows\System32\gdi32full.dll
0x00007ff916b60000 - 0x00007ff916c00000 	C:\Windows\System32\msvcp_win.dll
0x00007ff917380000 - 0x00007ff91747a000 	C:\Windows\System32\ucrtbase.dll
0x00007ff8fa5b0000 - 0x00007ff8fa829000 	C:\Windows\WinSxS\amd64_microsoft.windows.common-controls_6595b64144ccf1df_6.0.17763.2452_none_de72b7b25349edd3\COMCTL32.dll
0x00007ff9174b0000 - 0x00007ff9177dd000 	C:\Windows\System32\combase.dll
0x00007ff916a00000 - 0x00007ff916a82000 	C:\Windows\System32\bcryptPrimitives.dll
0x00007ff919450000 - 0x00007ff91947e000 	C:\Windows\System32\IMM32.DLL
0x00007ff90e520000 - 0x00007ff90e535000 	C:\Program Files\Java\jdk1.8.0_301\jre\bin\vcruntime140.dll
0x00007ff90e150000 - 0x00007ff90e1eb000 	C:\Program Files\Java\jdk1.8.0_301\jre\bin\msvcp140.dll
0x0000000062640000 - 0x0000000062ea0000 	C:\Program Files\Java\jdk1.8.0_301\jre\bin\server\jvm.dll
0x00007ff919750000 - 0x00007ff919758000 	C:\Windows\System32\PSAPI.DLL
0x00007ff8ef3b0000 - 0x00007ff8ef3b9000 	C:\Windows\SYSTEM32\WSOCK32.dll
0x00007ff913de0000 - 0x00007ff913e04000 	C:\Windows\SYSTEM32\WINMM.dll
0x00007ff919890000 - 0x00007ff9198fd000 	C:\Windows\System32\WS2_32.dll
0x00007ff90b5d0000 - 0x00007ff90b5da000 	C:\Windows\SYSTEM32\VERSION.dll
0x00007ff913db0000 - 0x00007ff913ddd000 	C:\Windows\SYSTEM32\WINMMBASE.dll
0x00007ff916510000 - 0x00007ff91655a000 	C:\Windows\System32\cfgmgr32.dll
0x00007ff916240000 - 0x00007ff916251000 	C:\Windows\System32\kernel.appcore.dll
0x00007ff911cd0000 - 0x00007ff911ce0000 	C:\Program Files\Java\jdk1.8.0_301\jre\bin\verify.dll
0x00007ff90e2b0000 - 0x00007ff90e2db000 	C:\Program Files\Java\jdk1.8.0_301\jre\bin\java.dll
0x00007ff908590000 - 0x00007ff9085c0000 	C:\Program Files\Java\jdk1.8.0_301\jre\bin\instrument.dll
0x00007ff90e290000 - 0x00007ff90e2a8000 	C:\Program Files\Java\jdk1.8.0_301\jre\bin\zip.dll
0x00007ff917a70000 - 0x00007ff918f69000 	C:\Windows\System32\SHELL32.dll
0x00007ff91a0a0000 - 0x00007ff91a148000 	C:\Windows\System32\shcore.dll
0x00007ff916c30000 - 0x00007ff91737b000 	C:\Windows\System32\windows.storage.dll
0x00007ff9162c0000 - 0x00007ff9162e4000 	C:\Windows\System32\profapi.dll
0x00007ff916260000 - 0x00007ff9162bd000 	C:\Windows\System32\powrprof.dll
0x00007ff9177f0000 - 0x00007ff917842000 	C:\Windows\System32\shlwapi.dll
0x00007ff916b40000 - 0x00007ff916b57000 	C:\Windows\System32\cryptsp.dll
0x00007ff906930000 - 0x00007ff90694a000 	C:\Program Files\JetBrains\IntelliJ IDEA Community Edition 2021.2.3\bin\breakgen64.dll
0x00007ff90e130000 - 0x00007ff90e14c000 	C:\Program Files\Java\jdk1.8.0_301\jre\bin\net.dll
0x00007ff915a70000 - 0x00007ff915ad7000 	C:\Windows\system32\mswsock.dll
0x00007ff90e280000 - 0x00007ff90e28d000 	C:\Program Files\Java\jdk1.8.0_301\jre\bin\management.dll
0x00007ff903f20000 - 0x00007ff903f36000 	C:\Windows\system32\napinsp.dll
0x00007ff903f50000 - 0x00007ff903f6a000 	C:\Windows\system32\pnrpnsp.dll
0x00007ff915810000 - 0x00007ff9158d6000 	C:\Windows\SYSTEM32\DNSAPI.dll
0x00007ff9177e0000 - 0x00007ff9177e8000 	C:\Windows\System32\NSI.dll
0x00007ff915780000 - 0x00007ff9157bd000 	C:\Windows\SYSTEM32\IPHLPAPI.DLL
0x00007ff907420000 - 0x00007ff90742e000 	C:\Windows\System32\winrnr.dll
0x00007ff912a50000 - 0x00007ff912a6b000 	C:\Windows\system32\NLAapi.dll
0x00007ff9021e0000 - 0x00007ff9021f5000 	C:\Windows\system32\wshbth.dll
0x00007ff90be30000 - 0x00007ff90be3a000 	C:\Windows\System32\rasadhlp.dll
0x00007ff90c470000 - 0x00007ff90c4e9000 	C:\Windows\System32\fwpuclnt.dll
0x00007ff916c00000 - 0x00007ff916c26000 	C:\Windows\System32\bcrypt.dll
0x00007ff908660000 - 0x00007ff908673000 	C:\Program Files\Java\jdk1.8.0_301\jre\bin\nio.dll
0x00007ff915590000 - 0x00007ff9155c3000 	C:\Windows\system32\rsaenh.dll
0x00007ff916150000 - 0x00007ff916179000 	C:\Windows\SYSTEM32\USERENV.dll
0x00007ff915c40000 - 0x00007ff915c4c000 	C:\Windows\SYSTEM32\CRYPTBASE.dll
0x00007ff90cb00000 - 0x00007ff90cb16000 	C:\Windows\SYSTEM32\dhcpcsvc6.DLL
0x00007ff90cae0000 - 0x00007ff90cafc000 	C:\Windows\SYSTEM32\dhcpcsvc.DLL
0x00007ff901be0000 - 0x00007ff901c22000 	C:\Users\Tymur\AppData\Local\Temp\jna-81288965\jna6052361046620043389.dll
0x0000000180000000 - 0x0000000180053000 	C:\Users\Tymur\.gradle\caches\minecraft\net\minecraft\natives\1.12.2\lwjgl64.dll
0x00007ff8f8200000 - 0x00007ff8f8327000 	C:\Windows\SYSTEM32\OPENGL32.dll
0x00007ff8ff680000 - 0x00007ff8ff6ac000 	C:\Windows\SYSTEM32\GLU32.dll
0x00007ff8b5f50000 - 0x00007ff8b60e5000 	C:\Program Files\Java\jdk1.8.0_301\jre\bin\awt.dll
0x00007ff91a150000 - 0x00007ff91a214000 	C:\Windows\System32\OLEAUT32.dll
0x00007ff914450000 - 0x00007ff9144dc000 	C:\Windows\SYSTEM32\apphelp.dll
0x00007ff9145f0000 - 0x00007ff91468c000 	C:\Windows\system32\uxtheme.dll
0x00007ff9190a0000 - 0x00007ff91920b000 	C:\Windows\System32\MSCTF.dll
0x00007ff8e2e80000 - 0x00007ff8e39c6000 	C:\Windows\SYSTEM32\ig75icd64.dll
0x00007ff90ef40000 - 0x00007ff90f980000 	C:\Windows\SYSTEM32\igdusc64.dll
0x00007ff912da0000 - 0x00007ff912db3000 	C:\Windows\SYSTEM32\WTSAPI32.dll
0x00007ff914880000 - 0x00007ff9148ae000 	C:\Windows\SYSTEM32\dwmapi.dll
0x00007ff916800000 - 0x00007ff9169f5000 	C:\Windows\System32\CRYPT32.dll
0x00007ff916220000 - 0x00007ff916232000 	C:\Windows\System32\MSASN1.dll
0x00007ff906660000 - 0x00007ff9066f3000 	C:\Windows\System32\TextInputFramework.dll
0x00007ff9112d0000 - 0x00007ff9115f2000 	C:\Windows\System32\CoreUIComponents.dll
0x00007ff914170000 - 0x00007ff914251000 	C:\Windows\System32\CoreMessaging.dll
0x00007ff915250000 - 0x00007ff915281000 	C:\Windows\SYSTEM32\ntmarta.dll
0x00007ff912230000 - 0x00007ff912381000 	C:\Windows\SYSTEM32\wintypes.dll
0x00007ff8f7b20000 - 0x00007ff8f7b8c000 	C:\Windows\system32\Oleacc.dll
0x00007ff8f6840000 - 0x00007ff8f68ed000 	C:\Windows\SYSTEM32\mscms.dll
0x00007ff8ff6f0000 - 0x00007ff8ff700000 	C:\Windows\SYSTEM32\ColorAdapterClient.dll
0x00007ff8d38d0000 - 0x00007ff8d3913000 	C:\Windows\SYSTEM32\icm32.dll
0x00007ff914f00000 - 0x00007ff914fc2000 	C:\Windows\SYSTEM32\dxgi.dll
0x00007ff912e80000 - 0x00007ff9130fe000 	C:\Windows\SYSTEM32\d3d11.dll
0x00007ff9100e0000 - 0x00007ff910fab000 	C:\Windows\SYSTEM32\igd10iumd64.dll
0x00007ff915d40000 - 0x00007ff915d66000 	C:\Windows\SYSTEM32\ncrypt.dll
0x00007ff915d00000 - 0x00007ff915d3c000 	C:\Windows\SYSTEM32\NTASN1.dll
0x00007ff8fb9e0000 - 0x00007ff8fba22000 	C:\Users\Tymur\AppData\Local\Temp\jna-81288965\jna7159854748488351823.dll
0x00007ff9085f0000 - 0x00007ff908614000 	C:\Program Files\Java\jdk1.8.0_301\jre\bin\sunec.dll
0x00007ff90e260000 - 0x00007ff90e26d000 	C:\Program Files\Java\jdk1.8.0_301\jre\bin\sunmscapi.dll
0x000002014ccf0000 - 0x000002014cd54000 	C:\Users\Tymur\.gradle\caches\minecraft\net\minecraft\natives\1.12.2\OpenAL64.dll
0x00007ff917850000 - 0x00007ff9179a6000 	C:\Windows\System32\ole32.dll
0x00007ff9199c0000 - 0x00007ff919a62000 	C:\Windows\System32\clbcatq.dll
0x00007ff90ec20000 - 0x00007ff90ec90000 	C:\Windows\System32\MMDevApi.dll
0x00007ff916030000 - 0x00007ff916059000 	C:\Windows\System32\DEVOBJ.dll
0x00007ff912bc0000 - 0x00007ff912d69000 	C:\Windows\System32\PROPSYS.dll
0x00007ff8bd370000 - 0x00007ff8bd406000 	C:\Windows\SYSTEM32\dsound.dll
0x00007ff8fc900000 - 0x00007ff8fca4a000 	C:\Windows\SYSTEM32\AUDIOSES.DLL
0x00007ff911cc0000 - 0x00007ff911cca000 	C:\Windows\SYSTEM32\AVRT.dll
0x00007ff914b70000 - 0x00007ff914b84000 	C:\Windows\SYSTEM32\resourcepolicyclient.dll
0x00007ff8f64f0000 - 0x00007ff8f658c000 	C:\KAMI-master\lava_hack\build\resources\main\win32-x86-64\discord-rpc.dll
0x00007ff8fb630000 - 0x00007ff8fb679000 	C:\Program Files\Java\jdk1.8.0_301\jre\bin\fontmanager.dll
0x00007ff8f9fb0000 - 0x00007ff8f9ff3000 	C:\Program Files\Java\jdk1.8.0_301\jre\bin\t2k.dll
0x00007ff9040d0000 - 0x00007ff9040ea000 	C:\Users\Tymur\.gradle\caches\minecraft\net\minecraft\natives\1.12.2\SAPIWrapper_x64.dll
0x00007ff909e20000 - 0x00007ff90a00d000 	C:\Windows\SYSTEM32\dbghelp.dll

VM Arguments:
jvm_args: -javaagent:C:\Program Files\JetBrains\IntelliJ IDEA Community Edition 2021.2.3\lib\idea_rt.jar=53639:C:\Program Files\JetBrains\IntelliJ IDEA Community Edition 2021.2.3\bin -Dfile.encoding=UTF-8 
java_command: GradleStart
java_class_path (initial): C:\Program Files\Java\jdk1.8.0_301\jre\lib\charsets.jar;C:\Program Files\Java\jdk1.8.0_301\jre\lib\deploy.jar;C:\Program Files\Java\jdk1.8.0_301\jre\lib\ext\access-bridge-64.jar;C:\Program Files\Java\jdk1.8.0_301\jre\lib\ext\cldrdata.jar;C:\Program Files\Java\jdk1.8.0_301\jre\lib\ext\dnsns.jar;C:\Program Files\Java\jdk1.8.0_301\jre\lib\ext\jaccess.jar;C:\Program Files\Java\jdk1.8.0_301\jre\lib\ext\jfxrt.jar;C:\Program Files\Java\jdk1.8.0_301\jre\lib\ext\localedata.jar;C:\Program Files\Java\jdk1.8.0_301\jre\lib\ext\nashorn.jar;C:\Program Files\Java\jdk1.8.0_301\jre\lib\ext\sunec.jar;C:\Program Files\Java\jdk1.8.0_301\jre\lib\ext\sunjce_provider.jar;C:\Program Files\Java\jdk1.8.0_301\jre\lib\ext\sunmscapi.jar;C:\Program Files\Java\jdk1.8.0_301\jre\lib\ext\sunpkcs11.jar;C:\Program Files\Java\jdk1.8.0_301\jre\lib\ext\zipfs.jar;C:\Program Files\Java\jdk1.8.0_301\jre\lib\javaws.jar;C:\Program Files\Java\jdk1.8.0_301\jre\lib\jce.jar;C:\Program Files\Java\jdk1.8.0_301\jre\lib\jfr.jar;C:\Program Files\Java\jdk1.8.0_301\jre\lib\jfxswt.jar;C:\Program Files\Java\jdk1.8.0_301\jre\lib\jsse.jar;C:\Program Files\Java\jdk1.8.0_301\jre\lib\management-agent.jar;C:\Program Files\Java\jdk1.8.0_301\jre\lib\plugin.jar;C:\Program Files\Java\jdk1.8.0_301\jre\lib\resources.jar;C:\Program Files\Java\jdk1.8.0_301\jre\lib\rt.jar;C:\KAMI-master\lava_hack\build\classes\java\main;C:\KAMI-master\lava_hack\build\resources\main;C:\Users\Tymur\.gradle\caches\minecraft\deobfedDeps\compileDummy.jar;C:\Users\Tymur\.gradle\caches\minecraft\deobfedDeps\providedDummy.jar;C:\Users\Tymur\.gradle\caches\modules-2\files-2.1\org.spongepowered\mixin\0.7.4-SNAPSHOT\d22c5b223b3ff950cd165446dbc88afb162a8b6e\mixin-0.7.4-SNAPSHOT.jar;C:\Users\Tymur\.gradle\caches\modules-2\files-2.1\com.lukflug\panelstudio\0.1.8\b5ba0dfcb4199c80aa7011be3c840d5cf940e1be\panelstudio-0.1.8.jar;C:\Users\Tymur\.gradle\caches\modules-2\files-2.1\com.lukflug\panelstudio-mc12\0.1.8\885c76b26e7b2d320a895978da957fb5
Launcher Type: SUN_STANDARD

Environment Variables:
JAVA_HOME=C:\Program Files\Java\jdk1.8.0_301
PATH=C:\Program Files (x86)\Common Files\Oracle\Java\javapath;C:\Windows\system32;C:\Windows;C:\Windows\System32\Wbem;C:\Windows\System32\WindowsPowerShell\v1.0\;C:\Windows\System32\OpenSSH\;C:\Program Files\Java\jdk1.8.0_301\bin;C:\Program Files (x86)\apache-maven-3.8.2\bin;C:\Program Files\Git\cmd;C:\Users\Tymur\AppData\Local\Microsoft\WindowsApps;C:\Users\Tymur\AppData\Local\GitHubDesktop\bin
USERNAME=Tymur
OS=Windows_NT
PROCESSOR_IDENTIFIER=Intel64 Family 6 Model 60 Stepping 3, GenuineIntel



---------------  S Y S T E M  ---------------

OS: Windows 10.0 , 64 bit Build 17763 (10.0.17763.2452)

CPU:total 4 (initial active 4) (4 cores per cpu, 1 threads per core) family 6 model 60 stepping 3, cmov, cx8, fxsr, mmx, sse, sse2, sse3, ssse3, sse4.1, sse4.2, popcnt, avx, avx2, aes, clmul, erms, lzcnt, tsc, tscinvbit, bmi1, bmi2

Memory: 4k page, physical 8187068k(2004252k free), swap 40955068k(10328k free)

vm_info: Java HotSpot(TM) 64-Bit Server VM (25.301-b09) for windows-amd64 JRE (1.8.0_301-b09), built on Jun  9 2021 06:46:21 by "java_re" with MS VC++ 15.9 (VS2017)

time: Fri Jan 28 18:14:52 2022
timezone: ??onaeeinueee ?an (ceia)
elapsed time: 43.966545 seconds (0d 0h 0m 43s)

